line profiling: sample.interval=10000
"cmpCallArgs" "cmpCallSymFun" "cmpCall" "cmp" "genCode" "cb$putconst" "cmpCallArgs" "cmpCallSymFun" "cmpCall" "cmp" "cmpComplexAssign" "h" "tryInline" "cmpCall" "cmp" "h" "tryInline" "cmpCall" "cmp" "h" "tryInline" "cmpCall" "cmp" "h" "tryInline" "cmpCall" "cmp" "genCode" "cmpfun" "doTryCatch" "tryCatchOne" "tryCatchList" "tryCatch" "compiler:::tryCmpfun" "network$oneRun" 
"exists" "getInlineHandler" "tryInline" "cmpCall" "cmp" "cmpComplexAssign" "h" "tryInline" "cmpCall" "cmp" "h" "tryInline" "cmpCall" "cmp" "cmpWhileBody" "h" "tryInline" "cmpCall" "cmp" "h" "tryInline" "cmpCall" "cmp" "genCode" "cmpfun" "doTryCatch" "tryCatchOne" "tryCatchList" "tryCatch" "compiler:::tryCmpfun" "network$oneRun" 
#File 1: /home/jared/Documents/mPlex/mPlexRCpp/R/2_PatchSimulation.R
#File 2: /home/jared/Documents/mPlex/mPlexRCpp/R/3_NetworkClass.R
"rbinom" 1#130 "self$oneDay_LarvalDeath" 1#39 "<Anonymous>" 2#443 "self$oneDay" 2#417 "network$oneRun" 
"vapply" 1#256 "self$oneDay_LarvaMaturation" 1#47 "<Anonymous>" 2#443 "self$oneDay" 2#417 "network$oneRun" 
#File 3: /home/jared/Documents/mPlex/mPlexRCpp/R/1_MosquitoClass.R
3#63 "Mosquito" 1#399 "self$oneDay_Reproduction" 1#58 "<Anonymous>" 2#443 "self$oneDay" 2#417 "network$oneRun" 
"c" 1#406 "self$oneDay_Reproduction" 1#58 "<Anonymous>" 2#443 "self$oneDay" 2#417 "network$oneRun" 
#File 4: /home/jared/Documents/mPlex/mPlexRCpp/R/2_PatchClass.R
"writeLines" 4#332 "<Anonymous>" 2#451 "self$oneDay" 2#417 "network$oneRun" 
"vapply" 1#256 "self$oneDay_LarvaMaturation" 1#47 "<Anonymous>" 2#443 "self$oneDay" 2#417 "network$oneRun" 
"c" 1#406 "self$oneDay_Reproduction" 1#58 "<Anonymous>" 2#443 "self$oneDay" 2#417 "network$oneRun" 
"c" 1#406 "self$oneDay_Reproduction" 1#58 "<Anonymous>" 2#443 "self$oneDay" 2#417 "network$oneRun" 
"vapply" 1#256 "self$oneDay_LarvaMaturation" 1#47 "<Anonymous>" 2#443 "self$oneDay" 2#417 "network$oneRun" 
1#85 "self$oneDay_Age" 1#30 "<Anonymous>" 2#443 "self$oneDay" 2#417 "network$oneRun" 
"vapply" 1#216 "self$oneDay_EggMaturation" 1#48 "<Anonymous>" 2#443 "self$oneDay" 2#417 "network$oneRun" 
"c" 1#406 "self$oneDay_Reproduction" 1#58 "<Anonymous>" 2#443 "self$oneDay" 2#417 "network$oneRun" 
"vapply" 1#216 "self$oneDay_EggMaturation" 1#48 "<Anonymous>" 2#443 "self$oneDay" 2#417 "network$oneRun" 
#File 5: /home/jared/Documents/mPlex/mPlexRCpp/R/Auxiliary_Functions.R
"rgamma" 5#473 "JaredDirichlet" 4#436 "<Anonymous>" 2#474 "self$oneDay_Migration" 2#447 "self$oneDay" 2#417 "network$oneRun" 
1#85 "self$oneDay_Age" 1#30 "<Anonymous>" 2#443 "self$oneDay" 2#417 "network$oneRun" 
#File 6: /home/jared/Documents/mPlex/mPlexRCpp/R/RcppExports.R
".Call" 6#59 "self$offspringDistribution" 1#377 "self$oneDay_Reproduction" 1#58 "<Anonymous>" 2#443 "self$oneDay" 2#417 "network$oneRun" 
"c" 1#406 "self$oneDay_Reproduction" 1#58 "<Anonymous>" 2#443 "self$oneDay" 2#417 "network$oneRun" 
1#85 "self$oneDay_Age" 1#30 "<Anonymous>" 2#443 "self$oneDay" 2#417 "network$oneRun" 
"environment" 3#63 "Mosquito" 1#399 "self$oneDay_Reproduction" 1#58 "<Anonymous>" 2#443 "self$oneDay" 2#417 "network$oneRun" 
"environment" 3#63 "Mosquito" 1#399 "self$oneDay_Reproduction" 1#58 "<Anonymous>" 2#443 "self$oneDay" 2#417 "network$oneRun" 
"environment" 3#63 "Mosquito" 1#399 "self$oneDay_Reproduction" 1#58 "<Anonymous>" 2#443 "self$oneDay" 2#417 "network$oneRun" 
1#84 "self$oneDay_Age" 1#29 "<Anonymous>" 2#443 "self$oneDay" 2#417 "network$oneRun" 
"vapply" 1#216 "self$oneDay_EggMaturation" 1#48 "<Anonymous>" 2#443 "self$oneDay" 2#417 "network$oneRun" 
1#399 "Mosquito" 1#399 "self$oneDay_Reproduction" 1#58 "<Anonymous>" 2#443 "self$oneDay" 2#417 "network$oneRun" 
"rmultinom" 1#382 "self$oneDay_Reproduction" 1#58 "<Anonymous>" 2#443 "self$oneDay" 2#417 "network$oneRun" 
"rmultinom" 1#382 "self$oneDay_Reproduction" 1#58 "<Anonymous>" 2#443 "self$oneDay" 2#417 "network$oneRun" 
1#406 "self$oneDay_Reproduction" 1#58 "<Anonymous>" 2#443 "self$oneDay" 2#417 "network$oneRun" 
"vapply" 1#216 "self$oneDay_EggMaturation" 1#48 "<Anonymous>" 2#443 "self$oneDay" 2#417 "network$oneRun" 
1#85 "self$oneDay_Age" 1#29 "<Anonymous>" 2#443 "self$oneDay" 2#417 "network$oneRun" 
"vapply" 1#256 "self$oneDay_LarvaMaturation" 1#47 "<Anonymous>" 2#443 "self$oneDay" 2#417 "network$oneRun" 
"c" 1#406 "self$oneDay_Reproduction" 1#58 "<Anonymous>" 2#443 "self$oneDay" 2#417 "network$oneRun" 
"c" 1#406 "self$oneDay_Reproduction" 1#58 "<Anonymous>" 2#443 "self$oneDay" 2#417 "network$oneRun" 
"file.path" "writeLines" 4#316 "<Anonymous>" 2#451 "self$oneDay" 2#417 "network$oneRun" 
1#84 "self$oneDay_Age" 1#29 "<Anonymous>" 2#443 "self$oneDay" 2#417 "network$oneRun" 
"vapply" 1#216 "self$oneDay_EggMaturation" 1#48 "<Anonymous>" 2#443 "self$oneDay" 2#417 "network$oneRun" 
"c" 1#406 "self$oneDay_Reproduction" 1#58 "<Anonymous>" 2#443 "self$oneDay" 2#417 "network$oneRun" 
"c" 1#406 "self$oneDay_Reproduction" 1#58 "<Anonymous>" 2#443 "self$oneDay" 2#417 "network$oneRun" 
4#451 "<Anonymous>" 2#474 "self$oneDay_Migration" 2#447 "self$oneDay" 2#417 "network$oneRun" 
1#85 "self$oneDay_Age" 1#30 "<Anonymous>" 2#443 "self$oneDay" 2#417 "network$oneRun" 
"rbinom" 1#105 "self$oneDay_EggDeath" 1#38 "<Anonymous>" 2#443 "self$oneDay" 2#417 "network$oneRun" 
1#265 "self$oneDay_LarvaMaturation" 1#47 "<Anonymous>" 2#443 "self$oneDay" 2#417 "network$oneRun" 
".Call" 6#59 "self$offspringDistribution" 1#377 "self$oneDay_Reproduction" 1#58 "<Anonymous>" 2#443 "self$oneDay" 2#417 "network$oneRun" 
1#399 "Mosquito" 1#399 "self$oneDay_Reproduction" 1#58 "<Anonymous>" 2#443 "self$oneDay" 2#417 "network$oneRun" 
1#399 "Mosquito" 1#399 "self$oneDay_Reproduction" 1#58 "<Anonymous>" 2#443 "self$oneDay" 2#417 "network$oneRun" 
1#399 "self$oneDay_Reproduction" 1#58 "<Anonymous>" 2#443 "self$oneDay" 2#417 "network$oneRun" 
1#84 "self$oneDay_Age" 1#30 "<Anonymous>" 2#443 "self$oneDay" 2#417 "network$oneRun" 
1#85 "self$oneDay_Age" 1#30 "<Anonymous>" 2#443 "self$oneDay" 2#417 "network$oneRun" 
"vapply" 1#216 "self$oneDay_EggMaturation" 1#48 "<Anonymous>" 2#443 "self$oneDay" 2#417 "network$oneRun" 
"c" 1#406 "self$oneDay_Reproduction" 1#58 "<Anonymous>" 2#443 "self$oneDay" 2#417 "network$oneRun" 
".Call" 6#59 "self$offspringDistribution" 1#377 "self$oneDay_Reproduction" 1#58 "<Anonymous>" 2#443 "self$oneDay" 2#417 "network$oneRun" 
1#85 "self$oneDay_Age" 1#29 "<Anonymous>" 2#443 "self$oneDay" 2#417 "network$oneRun" 
3#58 "critter$age_one_day" 1#85 "self$oneDay_Age" 1#30 "<Anonymous>" 2#443 "self$oneDay" 2#417 "network$oneRun" 
1#401 "self$oneDay_Reproduction" 1#58 "<Anonymous>" 2#443 "self$oneDay" 2#417 "network$oneRun" 
"c" 1#406 "self$oneDay_Reproduction" 1#58 "<Anonymous>" 2#443 "self$oneDay" 2#417 "network$oneRun" 
"c" 1#406 "self$oneDay_Reproduction" 1#58 "<Anonymous>" 2#443 "self$oneDay" 2#417 "network$oneRun" 
"sample.int" "sample" 1#343 "self$oneDay_Mate" 1#53 "<Anonymous>" 2#443 "self$oneDay" 2#417 "network$oneRun" 
1#85 "self$oneDay_Age" 1#30 "<Anonymous>" 2#443 "self$oneDay" 2#417 "network$oneRun" 
"vapply" 1#256 "self$oneDay_LarvaMaturation" 1#47 "<Anonymous>" 2#443 "self$oneDay" 2#417 "network$oneRun" 
1#399 "Mosquito" 1#399 "self$oneDay_Reproduction" 1#58 "<Anonymous>" 2#443 "self$oneDay" 2#417 "network$oneRun" 
1#85 "self$oneDay_Age" 1#30 "<Anonymous>" 2#443 "self$oneDay" 2#417 "network$oneRun" 
1#85 "self$oneDay_Age" 1#30 "<Anonymous>" 2#443 "self$oneDay" 2#417 "network$oneRun" 
"vapply" 1#256 "self$oneDay_LarvaMaturation" 1#47 "<Anonymous>" 2#443 "self$oneDay" 2#417 "network$oneRun" 
1#399 "Mosquito" 1#399 "self$oneDay_Reproduction" 1#58 "<Anonymous>" 2#443 "self$oneDay" 2#417 "network$oneRun" 
"writeLines" 4#332 "<Anonymous>" 2#451 "self$oneDay" 2#417 "network$oneRun" 
"vapply" 1#256 "self$oneDay_LarvaMaturation" 1#47 "<Anonymous>" 2#443 "self$oneDay" 2#417 "network$oneRun" 
1#382 "rmultinom" 1#382 "self$oneDay_Reproduction" 1#58 "<Anonymous>" 2#443 "self$oneDay" 2#417 "network$oneRun" 
1#84 "self$oneDay_Age" 1#29 "<Anonymous>" 2#443 "self$oneDay" 2#417 "network$oneRun" 
"vapply" 1#256 "self$oneDay_LarvaMaturation" 1#47 "<Anonymous>" 2#443 "self$oneDay" 2#417 "network$oneRun" 
"rpois" 1#382 "rmultinom" 1#382 "self$oneDay_Reproduction" 1#58 "<Anonymous>" 2#443 "self$oneDay" 2#417 "network$oneRun" 
"rpois" 1#382 "rmultinom" 1#382 "self$oneDay_Reproduction" 1#58 "<Anonymous>" 2#443 "self$oneDay" 2#417 "network$oneRun" 
1#85 "self$oneDay_Age" 1#29 "<Anonymous>" 2#443 "self$oneDay" 2#417 "network$oneRun" 
"vapply" 1#256 "self$oneDay_LarvaMaturation" 1#47 "<Anonymous>" 2#443 "self$oneDay" 2#417 "network$oneRun" 
1#401 "self$oneDay_Reproduction" 1#58 "<Anonymous>" 2#443 "self$oneDay" 2#417 "network$oneRun" 
1#85 "self$oneDay_Age" 1#30 "<Anonymous>" 2#443 "self$oneDay" 2#417 "network$oneRun" 
1#399 "self$oneDay_Reproduction" 1#58 "<Anonymous>" 2#443 "self$oneDay" 2#417 "network$oneRun" 
1#399 "self$oneDay_Reproduction" 1#58 "<Anonymous>" 2#443 "self$oneDay" 2#417 "network$oneRun" 
"rlnorm" 1#213 "self$oneDay_EggMaturation" 1#48 "<Anonymous>" 2#443 "self$oneDay" 2#417 "network$oneRun" 
3#60 "Mosquito" 1#399 "self$oneDay_Reproduction" 1#58 "<Anonymous>" 2#443 "self$oneDay" 2#417 "network$oneRun" 
"vapply" 1#256 "self$oneDay_LarvaMaturation" 1#47 "<Anonymous>" 2#443 "self$oneDay" 2#417 "network$oneRun" 
"environment" 3#63 "Mosquito" 1#399 "self$oneDay_Reproduction" 1#58 "<Anonymous>" 2#443 "self$oneDay" 2#417 "network$oneRun" 
"vapply" 1#256 "self$oneDay_LarvaMaturation" 1#47 "<Anonymous>" 2#443 "self$oneDay" 2#417 "network$oneRun" 
3#49 "Mosquito" 1#399 "self$oneDay_Reproduction" 1#58 "<Anonymous>" 2#443 "self$oneDay" 2#417 "network$oneRun" 
1#84 "self$oneDay_Age" 1#30 "<Anonymous>" 2#443 "self$oneDay" 2#417 "network$oneRun" 
".Call" 6#59 "self$offspringDistribution" 1#377 "self$oneDay_Reproduction" 1#58 "<Anonymous>" 2#443 "self$oneDay" 2#417 "network$oneRun" 
".Call" 6#59 "self$offspringDistribution" 1#377 "self$oneDay_Reproduction" 1#58 "<Anonymous>" 2#443 "self$oneDay" 2#417 "network$oneRun" 
3#58 "critter$age_one_day" 1#85 "self$oneDay_Age" 1#29 "<Anonymous>" 2#443 "self$oneDay" 2#417 "network$oneRun" 
1#399 "self$oneDay_Reproduction" 1#58 "<Anonymous>" 2#443 "self$oneDay" 2#417 "network$oneRun" 
3#58 "critter$age_one_day" 1#85 "self$oneDay_Age" 1#30 "<Anonymous>" 2#443 "self$oneDay" 2#417 "network$oneRun" 
"rlnorm" 1#253 "self$oneDay_LarvaMaturation" 1#47 "<Anonymous>" 2#443 "self$oneDay" 2#417 "network$oneRun" 
1#399 "self$oneDay_Reproduction" 1#58 "<Anonymous>" 2#443 "self$oneDay" 2#417 "network$oneRun" 
1#85 "self$oneDay_Age" 1#30 "<Anonymous>" 2#443 "self$oneDay" 2#417 "network$oneRun" 
"environment" 3#63 "Mosquito" 1#399 "self$oneDay_Reproduction" 1#58 "<Anonymous>" 2#443 "self$oneDay" 2#417 "network$oneRun" 
3#58 "critter$age_one_day" 1#85 "self$oneDay_Age" 1#30 "<Anonymous>" 2#443 "self$oneDay" 2#417 "network$oneRun" 
".Call" 6#59 "self$offspringDistribution" 1#377 "self$oneDay_Reproduction" 1#58 "<Anonymous>" 2#443 "self$oneDay" 2#417 "network$oneRun" 
1#85 "self$oneDay_Age" 1#30 "<Anonymous>" 2#443 "self$oneDay" 2#417 "network$oneRun" 
"rpois" 1#382 "rmultinom" 1#382 "self$oneDay_Reproduction" 1#58 "<Anonymous>" 2#443 "self$oneDay" 2#417 "network$oneRun" 
3#48 "Mosquito" 1#399 "self$oneDay_Reproduction" 1#58 "<Anonymous>" 2#443 "self$oneDay" 2#417 "network$oneRun" 
1#399 "self$oneDay_Reproduction" 1#58 "<Anonymous>" 2#443 "self$oneDay" 2#417 "network$oneRun" 
"rlnorm" 1#213 "self$oneDay_EggMaturation" 1#48 "<Anonymous>" 2#443 "self$oneDay" 2#417 "network$oneRun" 
1#399 "self$oneDay_Reproduction" 1#58 "<Anonymous>" 2#443 "self$oneDay" 2#417 "network$oneRun" 
"vapply" 1#256 "self$oneDay_LarvaMaturation" 1#47 "<Anonymous>" 2#443 "self$oneDay" 2#417 "network$oneRun" 
1#85 "self$oneDay_Age" 1#29 "<Anonymous>" 2#443 "self$oneDay" 2#417 "network$oneRun" 
"vapply" 1#341 "self$oneDay_Mate" 1#53 "<Anonymous>" 2#443 "self$oneDay" 2#417 "network$oneRun" 
1#32 "<Anonymous>" 2#443 "self$oneDay" 2#417 "network$oneRun" 
3#58 "Mosquito" 1#399 "self$oneDay_Reproduction" 1#58 "<Anonymous>" 2#443 "self$oneDay" 2#417 "network$oneRun" 
"vapply" 1#256 "self$oneDay_LarvaMaturation" 1#47 "<Anonymous>" 2#443 "self$oneDay" 2#417 "network$oneRun" 
3#48 "Mosquito" 1#399 "self$oneDay_Reproduction" 1#58 "<Anonymous>" 2#443 "self$oneDay" 2#417 "network$oneRun" 
"writeLines" 4#316 "<Anonymous>" 2#451 "self$oneDay" 2#417 "network$oneRun" 
".Call" 6#59 "self$offspringDistribution" 1#377 "self$oneDay_Reproduction" 1#58 "<Anonymous>" 2#443 "self$oneDay" 2#417 "network$oneRun" 
3#58 "critter$age_one_day" 1#85 "self$oneDay_Age" 1#30 "<Anonymous>" 2#443 "self$oneDay" 2#417 "network$oneRun" 
3#58 "critter$age_one_day" 1#85 "self$oneDay_Age" 1#29 "<Anonymous>" 2#443 "self$oneDay" 2#417 "network$oneRun" 
"c" 1#406 "self$oneDay_Reproduction" 1#58 "<Anonymous>" 2#443 "self$oneDay" 2#417 "network$oneRun" 
".Call" 6#59 "self$offspringDistribution" 1#377 "self$oneDay_Reproduction" 1#58 "<Anonymous>" 2#443 "self$oneDay" 2#417 "network$oneRun" 
1#85 "self$oneDay_Age" 1#30 "<Anonymous>" 2#443 "self$oneDay" 2#417 "network$oneRun" 
1#377 "self$offspringDistribution" 1#377 "self$oneDay_Reproduction" 1#58 "<Anonymous>" 2#443 "self$oneDay" 2#417 "network$oneRun" 
1#377 "self$offspringDistribution" 1#377 "self$oneDay_Reproduction" 1#58 "<Anonymous>" 2#443 "self$oneDay" 2#417 "network$oneRun" 
1#377 "self$offspringDistribution" 1#377 "self$oneDay_Reproduction" 1#58 "<Anonymous>" 2#443 "self$oneDay" 2#417 "network$oneRun" 
1#377 "self$offspringDistribution" 1#377 "self$oneDay_Reproduction" 1#58 "<Anonymous>" 2#443 "self$oneDay" 2#417 "network$oneRun" 
1#377 "self$offspringDistribution" 1#377 "self$oneDay_Reproduction" 1#58 "<Anonymous>" 2#443 "self$oneDay" 2#417 "network$oneRun" 
1#377 "self$offspringDistribution" 1#377 "self$oneDay_Reproduction" 1#58 "<Anonymous>" 2#443 "self$oneDay" 2#417 "network$oneRun" 
1#377 "self$offspringDistribution" 1#377 "self$oneDay_Reproduction" 1#58 "<Anonymous>" 2#443 "self$oneDay" 2#417 "network$oneRun" 
1#377 "self$offspringDistribution" 1#377 "self$oneDay_Reproduction" 1#58 "<Anonymous>" 2#443 "self$oneDay" 2#417 "network$oneRun" 
1#377 "self$offspringDistribution" 1#377 "self$oneDay_Reproduction" 1#58 "<Anonymous>" 2#443 "self$oneDay" 2#417 "network$oneRun" 
1#377 "self$offspringDistribution" 1#377 "self$oneDay_Reproduction" 1#58 "<Anonymous>" 2#443 "self$oneDay" 2#417 "network$oneRun" 
1#377 "self$offspringDistribution" 1#377 "self$oneDay_Reproduction" 1#58 "<Anonymous>" 2#443 "self$oneDay" 2#417 "network$oneRun" 
1#377 "self$offspringDistribution" 1#377 "self$oneDay_Reproduction" 1#58 "<Anonymous>" 2#443 "self$oneDay" 2#417 "network$oneRun" 
1#377 "self$offspringDistribution" 1#377 "self$oneDay_Reproduction" 1#58 "<Anonymous>" 2#443 "self$oneDay" 2#417 "network$oneRun" 
1#377 "self$offspringDistribution" 1#377 "self$oneDay_Reproduction" 1#58 "<Anonymous>" 2#443 "self$oneDay" 2#417 "network$oneRun" 
1#85 "self$oneDay_Age" 1#30 "<Anonymous>" 2#443 "self$oneDay" 2#417 "network$oneRun" 
1#399 "self$oneDay_Reproduction" 1#58 "<Anonymous>" 2#443 "self$oneDay" 2#417 "network$oneRun" 
"vapply" 1#216 "self$oneDay_EggMaturation" 1#48 "<Anonymous>" 2#443 "self$oneDay" 2#417 "network$oneRun" 
1#85 "self$oneDay_Age" 1#30 "<Anonymous>" 2#443 "self$oneDay" 2#417 "network$oneRun" 
1#85 "self$oneDay_Age" 1#30 "<Anonymous>" 2#443 "self$oneDay" 2#417 "network$oneRun" 
1#85 "self$oneDay_Age" 1#30 "<Anonymous>" 2#443 "self$oneDay" 2#417 "network$oneRun" 
1#85 "self$oneDay_Age" 1#29 "<Anonymous>" 2#443 "self$oneDay" 2#417 "network$oneRun" 
3#53 "Mosquito" 1#399 "self$oneDay_Reproduction" 1#58 "<Anonymous>" 2#443 "self$oneDay" 2#417 "network$oneRun" 
1#399 "self$oneDay_Reproduction" 1#58 "<Anonymous>" 2#443 "self$oneDay" 2#417 "network$oneRun" 
1#265 "self$oneDay_LarvaMaturation" 1#47 "<Anonymous>" 2#443 "self$oneDay" 2#417 "network$oneRun" 
"vapply" 1#216 "self$oneDay_EggMaturation" 1#48 "<Anonymous>" 2#443 "self$oneDay" 2#417 "network$oneRun" 
1#85 "self$oneDay_Age" 1#29 "<Anonymous>" 2#443 "self$oneDay" 2#417 "network$oneRun" 
1#84 "self$oneDay_Age" 1#30 "<Anonymous>" 2#443 "self$oneDay" 2#417 "network$oneRun" 
4#330 "<Anonymous>" 2#451 "self$oneDay" 2#417 "network$oneRun" 
"vapply" 1#256 "self$oneDay_LarvaMaturation" 1#47 "<Anonymous>" 2#443 "self$oneDay" 2#417 "network$oneRun" 
1#85 "self$oneDay_Age" 1#30 "<Anonymous>" 2#443 "self$oneDay" 2#417 "network$oneRun" 
1#399 "self$oneDay_Reproduction" 1#58 "<Anonymous>" 2#443 "self$oneDay" 2#417 "network$oneRun" 
"vapply" 1#216 "self$oneDay_EggMaturation" 1#48 "<Anonymous>" 2#443 "self$oneDay" 2#417 "network$oneRun" 
"vapply" 1#216 "self$oneDay_EggMaturation" 1#48 "<Anonymous>" 2#443 "self$oneDay" 2#417 "network$oneRun" 
3#58 "critter$age_one_day" 1#85 "self$oneDay_Age" 1#29 "<Anonymous>" 2#443 "self$oneDay" 2#417 "network$oneRun" 
1#285 "self$oneDay_PupaMaturation" 1#46 "<Anonymous>" 2#443 "self$oneDay" 2#417 "network$oneRun" 
".Call" 6#59 "self$offspringDistribution" 1#377 "self$oneDay_Reproduction" 1#58 "<Anonymous>" 2#443 "self$oneDay" 2#417 "network$oneRun" 
1#85 "self$oneDay_Age" 1#29 "<Anonymous>" 2#443 "self$oneDay" 2#417 "network$oneRun" 
".Call" 6#59 "self$offspringDistribution" 1#377 "self$oneDay_Reproduction" 1#58 "<Anonymous>" 2#443 "self$oneDay" 2#417 "network$oneRun" 
"rlnorm" 1#253 "self$oneDay_LarvaMaturation" 1#47 "<Anonymous>" 2#443 "self$oneDay" 2#417 "network$oneRun" 
"vapply" 1#216 "self$oneDay_EggMaturation" 1#48 "<Anonymous>" 2#443 "self$oneDay" 2#417 "network$oneRun" 
"file.path" 3#60 "mosquito$print_male" "file.path" "writeLines" 4#316 "<Anonymous>" 2#451 "self$oneDay" 2#417 "network$oneRun" 
"lapply" 2#494 "unlist" 2#494 "FUN" "lapply" 2#493 "self$oneDay_Migration" 2#447 "self$oneDay" 2#417 "network$oneRun" 
"vapply" 1#216 "self$oneDay_EggMaturation" 1#48 "<Anonymous>" 2#443 "self$oneDay" 2#417 "network$oneRun" 
".Call" 6#59 "self$offspringDistribution" 1#377 "self$oneDay_Reproduction" 1#58 "<Anonymous>" 2#443 "self$oneDay" 2#417 "network$oneRun" 
"vapply" 1#256 "self$oneDay_LarvaMaturation" 1#47 "<Anonymous>" 2#443 "self$oneDay" 2#417 "network$oneRun" 
"vapply" 1#216 "self$oneDay_EggMaturation" 1#48 "<Anonymous>" 2#443 "self$oneDay" 2#417 "network$oneRun" 
2#257 "<Anonymous>" "rbinom" 1#105 "self$oneDay_EggDeath" 1#38 "<Anonymous>" 2#443 "self$oneDay" 2#417 "network$oneRun" 
3#60 "mosquito$print_male" "file.path" "writeLines" 4#316 "<Anonymous>" 2#451 "self$oneDay" 2#417 "network$oneRun" 
3#49 "Mosquito" 1#399 "self$oneDay_Reproduction" 1#58 "<Anonymous>" 2#443 "self$oneDay" 2#417 "network$oneRun" 
1#85 "self$oneDay_Age" 1#30 "<Anonymous>" 2#443 "self$oneDay" 2#417 "network$oneRun" 
"writeLines" 4#316 "<Anonymous>" 2#451 "self$oneDay" 2#417 "network$oneRun" 
1#84 "self$oneDay_Age" 1#30 "<Anonymous>" 2#443 "self$oneDay" 2#417 "network$oneRun" 
"file.path" "writeLines" 4#332 "<Anonymous>" 2#451 "self$oneDay" 2#417 "network$oneRun" 
"vapply" 1#216 "self$oneDay_EggMaturation" 1#48 "<Anonymous>" 2#443 "self$oneDay" 2#417 "network$oneRun" 
"vapply" 1#256 "self$oneDay_LarvaMaturation" 1#47 "<Anonymous>" 2#443 "self$oneDay" 2#417 "network$oneRun" 
3#58 "critter$age_one_day" 1#85 "self$oneDay_Age" 1#30 "<Anonymous>" 2#443 "self$oneDay" 2#417 "network$oneRun" 
1#225 "self$oneDay_EggMaturation" 1#48 "<Anonymous>" 2#443 "self$oneDay" 2#417 "network$oneRun" 
"vapply" 1#256 "self$oneDay_LarvaMaturation" 1#47 "<Anonymous>" 2#443 "self$oneDay" 2#417 "network$oneRun" 
1#399 "self$oneDay_Reproduction" 1#58 "<Anonymous>" 2#443 "self$oneDay" 2#417 "network$oneRun" 
3#46 "Mosquito" 1#399 "self$oneDay_Reproduction" 1#58 "<Anonymous>" 2#443 "self$oneDay" 2#417 "network$oneRun" 
".Call" 6#59 "self$offspringDistribution" 1#377 "self$oneDay_Reproduction" 1#58 "<Anonymous>" 2#443 "self$oneDay" 2#417 "network$oneRun" 
1#399 "Mosquito" 1#399 "self$oneDay_Reproduction" 1#58 "<Anonymous>" 2#443 "self$oneDay" 2#417 "network$oneRun" 
1#399 "self$oneDay_Reproduction" 1#58 "<Anonymous>" 2#443 "self$oneDay" 2#417 "network$oneRun" 
"file.path" "writeLines" 4#308 "<Anonymous>" 2#451 "self$oneDay" 2#417 "network$oneRun" 
1#85 "self$oneDay_Age" 1#29 "<Anonymous>" 2#443 "self$oneDay" 2#417 "network$oneRun" 
"vapply" 1#256 "self$oneDay_LarvaMaturation" 1#47 "<Anonymous>" 2#443 "self$oneDay" 2#417 "network$oneRun" 
1#85 "self$oneDay_Age" 1#30 "<Anonymous>" 2#443 "self$oneDay" 2#417 "network$oneRun" 
"vapply" 1#256 "self$oneDay_LarvaMaturation" 1#47 "<Anonymous>" 2#443 "self$oneDay" 2#417 "network$oneRun" 
1#85 "self$oneDay_Age" 1#29 "<Anonymous>" 2#443 "self$oneDay" 2#417 "network$oneRun" 
"vapply" 1#216 "self$oneDay_EggMaturation" 1#48 "<Anonymous>" 2#443 "self$oneDay" 2#417 "network$oneRun" 
"file.path" 3#59 "mosquito$print_female" "file.path" "writeLines" 4#332 "<Anonymous>" 2#451 "self$oneDay" 2#417 "network$oneRun" 
".Call" 6#59 "self$offspringDistribution" 1#377 "self$oneDay_Reproduction" 1#58 "<Anonymous>" 2#443 "self$oneDay" 2#417 "network$oneRun" 
"vapply" 1#216 "self$oneDay_EggMaturation" 1#48 "<Anonymous>" 2#443 "self$oneDay" 2#417 "network$oneRun" 
3#60 "Mosquito" 1#399 "self$oneDay_Reproduction" 1#58 "<Anonymous>" 2#443 "self$oneDay" 2#417 "network$oneRun" 
3#59 "Mosquito" 1#399 "self$oneDay_Reproduction" 1#58 "<Anonymous>" 2#443 "self$oneDay" 2#417 "network$oneRun" 
1#399 "self$oneDay_Reproduction" 1#58 "<Anonymous>" 2#443 "self$oneDay" 2#417 "network$oneRun" 
"environment" 3#63 "Mosquito" 1#399 "self$oneDay_Reproduction" 1#58 "<Anonymous>" 2#443 "self$oneDay" 2#417 "network$oneRun" 
1#29 "<Anonymous>" 2#443 "self$oneDay" 2#417 "network$oneRun" 
1#85 "self$oneDay_Age" 1#30 "<Anonymous>" 2#443 "self$oneDay" 2#417 "network$oneRun" 
3#50 "Mosquito" 1#399 "self$oneDay_Reproduction" 1#58 "<Anonymous>" 2#443 "self$oneDay" 2#417 "network$oneRun" 
".Call" 6#59 "self$offspringDistribution" 1#377 "self$oneDay_Reproduction" 1#58 "<Anonymous>" 2#443 "self$oneDay" 2#417 "network$oneRun" 
1#85 "self$oneDay_Age" 1#29 "<Anonymous>" 2#443 "self$oneDay" 2#417 "network$oneRun" 
1#399 "self$oneDay_Reproduction" 1#58 "<Anonymous>" 2#443 "self$oneDay" 2#417 "network$oneRun" 
"rlnorm" 1#253 "self$oneDay_LarvaMaturation" 1#47 "<Anonymous>" 2#443 "self$oneDay" 2#417 "network$oneRun" 
"vapply" 1#256 "self$oneDay_LarvaMaturation" 1#47 "<Anonymous>" 2#443 "self$oneDay" 2#417 "network$oneRun" 
"vapply" 1#216 "self$oneDay_EggMaturation" 1#48 "<Anonymous>" 2#443 "self$oneDay" 2#417 "network$oneRun" 
1#399 "self$oneDay_Reproduction" 1#58 "<Anonymous>" 2#443 "self$oneDay" 2#417 "network$oneRun" 
"rpois" 1#382 "rmultinom" 1#382 "self$oneDay_Reproduction" 1#58 "<Anonymous>" 2#443 "self$oneDay" 2#417 "network$oneRun" 
1#401 "self$oneDay_Reproduction" 1#58 "<Anonymous>" 2#443 "self$oneDay" 2#417 "network$oneRun" 
".Call" 6#59 "self$offspringDistribution" 1#377 "self$oneDay_Reproduction" 1#58 "<Anonymous>" 2#443 "self$oneDay" 2#417 "network$oneRun" 
"vapply" 1#256 "self$oneDay_LarvaMaturation" 1#47 "<Anonymous>" 2#443 "self$oneDay" 2#417 "network$oneRun" 
2#265 "<Anonymous>" "file.path" "writeLines" 4#316 "<Anonymous>" 2#451 "self$oneDay" 2#417 "network$oneRun" 
3#58 "critter$age_one_day" 1#85 "self$oneDay_Age" 1#30 "<Anonymous>" 2#443 "self$oneDay" 2#417 "network$oneRun" 
"vapply" 1#216 "self$oneDay_EggMaturation" 1#48 "<Anonymous>" 2#443 "self$oneDay" 2#417 "network$oneRun" 
".Call" 6#59 "self$offspringDistribution" 1#377 "self$oneDay_Reproduction" 1#58 "<Anonymous>" 2#443 "self$oneDay" 2#417 "network$oneRun" 
3#58 "critter$age_one_day" 1#85 "self$oneDay_Age" 1#30 "<Anonymous>" 2#443 "self$oneDay" 2#417 "network$oneRun" 
".Call" 6#59 "self$offspringDistribution" 1#377 "self$oneDay_Reproduction" 1#58 "<Anonymous>" 2#443 "self$oneDay" 2#417 "network$oneRun" 
3#59 "Mosquito" 1#399 "self$oneDay_Reproduction" 1#58 "<Anonymous>" 2#443 "self$oneDay" 2#417 "network$oneRun" 
3#49 "Mosquito" 1#399 "self$oneDay_Reproduction" 1#58 "<Anonymous>" 2#443 "self$oneDay" 2#417 "network$oneRun" 
3#63 "Mosquito" 1#399 "self$oneDay_Reproduction" 1#58 "<Anonymous>" 2#443 "self$oneDay" 2#417 "network$oneRun" 
"c" 1#406 "self$oneDay_Reproduction" 1#58 "<Anonymous>" 2#443 "self$oneDay" 2#417 "network$oneRun" 
"vapply" 1#216 "self$oneDay_EggMaturation" 1#48 "<Anonymous>" 2#443 "self$oneDay" 2#417 "network$oneRun" 
1#85 "self$oneDay_Age" 1#30 "<Anonymous>" 2#443 "self$oneDay" 2#417 "network$oneRun" 
1#105 "self$oneDay_EggDeath" 1#38 "<Anonymous>" 2#443 "self$oneDay" 2#417 "network$oneRun" 
3#58 "critter$age_one_day" 1#85 "self$oneDay_Age" 1#30 "<Anonymous>" 2#443 "self$oneDay" 2#417 "network$oneRun" 
3#58 "critter$age_one_day" 1#85 "self$oneDay_Age" 1#30 "<Anonymous>" 2#443 "self$oneDay" 2#417 "network$oneRun" 
3#53 "Mosquito" 1#399 "self$oneDay_Reproduction" 1#58 "<Anonymous>" 2#443 "self$oneDay" 2#417 "network$oneRun" 
"vapply" 1#256 "self$oneDay_LarvaMaturation" 1#47 "<Anonymous>" 2#443 "self$oneDay" 2#417 "network$oneRun" 
".Call" 6#59 "self$offspringDistribution" 1#377 "self$oneDay_Reproduction" 1#58 "<Anonymous>" 2#443 "self$oneDay" 2#417 "network$oneRun" 
3#50 "Mosquito" 1#399 "self$oneDay_Reproduction" 1#58 "<Anonymous>" 2#443 "self$oneDay" 2#417 "network$oneRun" 
1#85 "self$oneDay_Age" 1#30 "<Anonymous>" 2#443 "self$oneDay" 2#417 "network$oneRun" 
"vapply" 1#216 "self$oneDay_EggMaturation" 1#48 "<Anonymous>" 2#443 "self$oneDay" 2#417 "network$oneRun" 
".Call" 6#59 "self$offspringDistribution" 1#377 "self$oneDay_Reproduction" 1#58 "<Anonymous>" 2#443 "self$oneDay" 2#417 "network$oneRun" 
3#59 "Mosquito" 1#399 "self$oneDay_Reproduction" 1#58 "<Anonymous>" 2#443 "self$oneDay" 2#417 "network$oneRun" 
1#85 "self$oneDay_Age" 1#30 "<Anonymous>" 2#443 "self$oneDay" 2#417 "network$oneRun" 
1#401 "self$oneDay_Reproduction" 1#58 "<Anonymous>" 2#443 "self$oneDay" 2#417 "network$oneRun" 
"vapply" 1#216 "self$oneDay_EggMaturation" 1#48 "<Anonymous>" 2#443 "self$oneDay" 2#417 "network$oneRun" 
1#262 "self$oneDay_LarvaMaturation" 1#47 "<Anonymous>" 2#443 "self$oneDay" 2#417 "network$oneRun" 
3#63 "Mosquito" 1#399 "self$oneDay_Reproduction" 1#58 "<Anonymous>" 2#443 "self$oneDay" 2#417 "network$oneRun" 
"rlnorm" 1#253 "self$oneDay_LarvaMaturation" 1#47 "<Anonymous>" 2#443 "self$oneDay" 2#417 "network$oneRun" 
"rbinom" 1#180 "self$oneDay_AdultDeath" 1#41 "<Anonymous>" 2#443 "self$oneDay" 2#417 "network$oneRun" 
1#85 "self$oneDay_Age" 1#30 "<Anonymous>" 2#443 "self$oneDay" 2#417 "network$oneRun" 
"vapply" 1#216 "self$oneDay_EggMaturation" 1#48 "<Anonymous>" 2#443 "self$oneDay" 2#417 "network$oneRun" 
1#401 "self$oneDay_Reproduction" 1#58 "<Anonymous>" 2#443 "self$oneDay" 2#417 "network$oneRun" 
".Call" 6#59 "self$offspringDistribution" 1#377 "self$oneDay_Reproduction" 1#58 "<Anonymous>" 2#443 "self$oneDay" 2#417 "network$oneRun" 
".Call" 6#59 "self$offspringDistribution" 1#377 "self$oneDay_Reproduction" 1#58 "<Anonymous>" 2#443 "self$oneDay" 2#417 "network$oneRun" 
".Call" 6#59 "self$offspringDistribution" 1#377 "self$oneDay_Reproduction" 1#58 "<Anonymous>" 2#443 "self$oneDay" 2#417 "network$oneRun" 
".Call" 6#59 "self$offspringDistribution" 1#377 "self$oneDay_Reproduction" 1#58 "<Anonymous>" 2#443 "self$oneDay" 2#417 "network$oneRun" 
2#256 "<Anonymous>" 1#382 "rpois" 1#382 "rmultinom" 1#382 "self$oneDay_Reproduction" 1#58 "<Anonymous>" 2#443 "self$oneDay" 2#417 "network$oneRun" 
3#58 "critter$age_one_day" 1#85 "self$oneDay_Age" 1#30 "<Anonymous>" 2#443 "self$oneDay" 2#417 "network$oneRun" 
"vapply" 1#256 "self$oneDay_LarvaMaturation" 1#47 "<Anonymous>" 2#443 "self$oneDay" 2#417 "network$oneRun" 
1#85 "self$oneDay_Age" 1#29 "<Anonymous>" 2#443 "self$oneDay" 2#417 "network$oneRun" 
1#394 "self$oneDay_Reproduction" 1#58 "<Anonymous>" 2#443 "self$oneDay" 2#417 "network$oneRun" 
3#58 "critter$age_one_day" 1#85 "self$oneDay_Age" 1#30 "<Anonymous>" 2#443 "self$oneDay" 2#417 "network$oneRun" 
1#85 "self$oneDay_Age" 1#29 "<Anonymous>" 2#443 "self$oneDay" 2#417 "network$oneRun" 
"rbinom" 1#105 "self$oneDay_EggDeath" 1#38 "<Anonymous>" 2#443 "self$oneDay" 2#417 "network$oneRun" 
"c" 1#406 "self$oneDay_Reproduction" 1#58 "<Anonymous>" 2#443 "self$oneDay" 2#417 "network$oneRun" 
3#59 "Mosquito" 1#399 "self$oneDay_Reproduction" 1#58 "<Anonymous>" 2#443 "self$oneDay" 2#417 "network$oneRun" 
3#58 "critter$age_one_day" 1#85 "self$oneDay_Age" 1#29 "<Anonymous>" 2#443 "self$oneDay" 2#417 "network$oneRun" 
".Call" 6#59 "self$offspringDistribution" 1#377 "self$oneDay_Reproduction" 1#58 "<Anonymous>" 2#443 "self$oneDay" 2#417 "network$oneRun" 
1#399 "self$oneDay_Reproduction" 1#58 "<Anonymous>" 2#443 "self$oneDay" 2#417 "network$oneRun" 
1#399 "self$oneDay_Reproduction" 1#58 "<Anonymous>" 2#443 "self$oneDay" 2#417 "network$oneRun" 
1#399 "self$oneDay_Reproduction" 1#58 "<Anonymous>" 2#443 "self$oneDay" 2#417 "network$oneRun" 
3#48 "Mosquito" 1#399 "self$oneDay_Reproduction" 1#58 "<Anonymous>" 2#443 "self$oneDay" 2#417 "network$oneRun" 
1#85 "self$oneDay_Age" 1#30 "<Anonymous>" 2#443 "self$oneDay" 2#417 "network$oneRun" 
"vapply" 1#256 "self$oneDay_LarvaMaturation" 1#47 "<Anonymous>" 2#443 "self$oneDay" 2#417 "network$oneRun" 
1#85 "self$oneDay_Age" 1#29 "<Anonymous>" 2#443 "self$oneDay" 2#417 "network$oneRun" 
3#60 "Mosquito" 1#399 "self$oneDay_Reproduction" 1#58 "<Anonymous>" 2#443 "self$oneDay" 2#417 "network$oneRun" 
1#85 "self$oneDay_Age" 1#29 "<Anonymous>" 2#443 "self$oneDay" 2#417 "network$oneRun" 
"paste" "cat" "pb$up" "setTxtProgressBar" 2#420 "network$oneRun" 
1#399 "Mosquito" 1#399 "self$oneDay_Reproduction" 1#58 "<Anonymous>" 2#443 "self$oneDay" 2#417 "network$oneRun" 
"rgamma" 5#473 "JaredDirichlet" 4#469 "<Anonymous>" 2#474 "self$oneDay_Migration" 2#447 "self$oneDay" 2#417 "network$oneRun" 
4#332 "<Anonymous>" 2#451 "self$oneDay" 2#417 "network$oneRun" 
1#399 "Mosquito" 1#399 "self$oneDay_Reproduction" 1#58 "<Anonymous>" 2#443 "self$oneDay" 2#417 "network$oneRun" 
1#265 "self$oneDay_LarvaMaturation" 1#47 "<Anonymous>" 2#443 "self$oneDay" 2#417 "network$oneRun" 
"rlnorm" 1#213 "self$oneDay_EggMaturation" 1#48 "<Anonymous>" 2#443 "self$oneDay" 2#417 "network$oneRun" 
1#180 "self$oneDay_AdultDeath" 1#41 "<Anonymous>" 2#443 "self$oneDay" 2#417 "network$oneRun" 
"vapply" 1#256 "self$oneDay_LarvaMaturation" 1#47 "<Anonymous>" 2#443 "self$oneDay" 2#417 "network$oneRun" 
"vapply" 1#216 "self$oneDay_EggMaturation" 1#48 "<Anonymous>" 2#443 "self$oneDay" 2#417 "network$oneRun" 
1#85 "critter$age_one_day" 1#85 "self$oneDay_Age" 1#30 "<Anonymous>" 2#443 "self$oneDay" 2#417 "network$oneRun" 
"critter$age_one_day" 1#85 "self$oneDay_Age" 1#30 "<Anonymous>" 2#443 "self$oneDay" 2#417 "network$oneRun" 
2#250 "<Anonymous>" 4#427 "<Anonymous>" 2#474 "self$oneDay_Migration" 2#447 "self$oneDay" 2#417 "network$oneRun" 
"file.path" "writeLines" 4#316 "<Anonymous>" 2#451 "self$oneDay" 2#417 "network$oneRun" 
1#85 "self$oneDay_Age" 1#30 "<Anonymous>" 2#443 "self$oneDay" 2#417 "network$oneRun" 
"rlnorm" 1#253 "self$oneDay_LarvaMaturation" 1#47 "<Anonymous>" 2#443 "self$oneDay" 2#417 "network$oneRun" 
".Call" 6#59 "self$offspringDistribution" 1#377 "self$oneDay_Reproduction" 1#58 "<Anonymous>" 2#443 "self$oneDay" 2#417 "network$oneRun" 
".Call" 6#59 "self$offspringDistribution" 1#377 "self$oneDay_Reproduction" 1#58 "<Anonymous>" 2#443 "self$oneDay" 2#417 "network$oneRun" 
1#399 "Mosquito" 1#399 "self$oneDay_Reproduction" 1#58 "<Anonymous>" 2#443 "self$oneDay" 2#417 "network$oneRun" 
"vapply" 1#216 "self$oneDay_EggMaturation" 1#48 "<Anonymous>" 2#443 "self$oneDay" 2#417 "network$oneRun" 
"writeLines" 4#332 "<Anonymous>" 2#451 "self$oneDay" 2#417 "network$oneRun" 
".Call" 6#59 "self$offspringDistribution" 1#377 "self$oneDay_Reproduction" 1#58 "<Anonymous>" 2#443 "self$oneDay" 2#417 "network$oneRun" 
1#109 "self$oneDay_EggDeath" 1#38 "<Anonymous>" 2#443 "self$oneDay" 2#417 "network$oneRun" 
1#401 "self$oneDay_Reproduction" 1#58 "<Anonymous>" 2#443 "self$oneDay" 2#417 "network$oneRun" 
2#257 "<Anonymous>" "rbinom" 1#169 "self$oneDay_AdultDeath" 1#41 "<Anonymous>" 2#443 "self$oneDay" 2#417 "network$oneRun" 
2#257 "<Anonymous>" 1#130 "rbinom" 1#130 "self$oneDay_LarvalDeath" 1#39 "<Anonymous>" 2#443 "self$oneDay" 2#417 "network$oneRun" 
"file.path" 3#60 "mosquito$print_male" "file.path" "writeLines" 4#316 "<Anonymous>" 2#451 "self$oneDay" 2#417 "network$oneRun" 
".Call" 6#59 "self$offspringDistribution" 1#377 "self$oneDay_Reproduction" 1#58 "<Anonymous>" 2#443 "self$oneDay" 2#417 "network$oneRun" 
"cat" "pb$up" "setTxtProgressBar" 2#420 "network$oneRun" 
3#58 "critter$age_one_day" 1#85 "self$oneDay_Age" 1#30 "<Anonymous>" 2#443 "self$oneDay" 2#417 "network$oneRun" 
1#85 "self$oneDay_Age" 1#29 "<Anonymous>" 2#443 "self$oneDay" 2#417 "network$oneRun" 
"vapply" 1#216 "self$oneDay_EggMaturation" 1#48 "<Anonymous>" 2#443 "self$oneDay" 2#417 "network$oneRun" 
1#399 "self$oneDay_Reproduction" 1#58 "<Anonymous>" 2#443 "self$oneDay" 2#417 "network$oneRun" 
"writeLines" 4#316 "<Anonymous>" 2#451 "self$oneDay" 2#417 "network$oneRun" 
".Call" 6#59 "self$offspringDistribution" 1#377 "self$oneDay_Reproduction" 1#58 "<Anonymous>" 2#443 "self$oneDay" 2#417 "network$oneRun" 
3#50 "Mosquito" 1#399 "self$oneDay_Reproduction" 1#58 "<Anonymous>" 2#443 "self$oneDay" 2#417 "network$oneRun" 
"file.path" "writeLines" 4#332 "<Anonymous>" 2#451 "self$oneDay" 2#417 "network$oneRun" 
"writeLines" 4#332 "<Anonymous>" 2#451 "self$oneDay" 2#417 "network$oneRun" 
".Call" 6#59 "self$offspringDistribution" 1#377 "self$oneDay_Reproduction" 1#58 "<Anonymous>" 2#443 "self$oneDay" 2#417 "network$oneRun" 
1#85 "self$oneDay_Age" 1#30 "<Anonymous>" 2#443 "self$oneDay" 2#417 "network$oneRun" 
1#85 "self$oneDay_Age" 1#29 "<Anonymous>" 2#443 "self$oneDay" 2#417 "network$oneRun" 
3#59 "Mosquito" 1#399 "self$oneDay_Reproduction" 1#58 "<Anonymous>" 2#443 "self$oneDay" 2#417 "network$oneRun" 
"vapply" 1#256 "self$oneDay_LarvaMaturation" 1#47 "<Anonymous>" 2#443 "self$oneDay" 2#417 "network$oneRun" 
".Call" 6#59 "self$offspringDistribution" 1#377 "self$oneDay_Reproduction" 1#58 "<Anonymous>" 2#443 "self$oneDay" 2#417 "network$oneRun" 
1#130 "rbinom" 1#130 "self$oneDay_LarvalDeath" 1#39 "<Anonymous>" 2#443 "self$oneDay" 2#417 "network$oneRun" 
1#256 "self$oneDay_LarvaMaturation" 1#47 "<Anonymous>" 2#443 "self$oneDay" 2#417 "network$oneRun" 
"vapply" 1#256 "self$oneDay_LarvaMaturation" 1#47 "<Anonymous>" 2#443 "self$oneDay" 2#417 "network$oneRun" 
"vapply" 1#299 "self$oneDay_PupaMaturation" 1#46 "<Anonymous>" 2#443 "self$oneDay" 2#417 "network$oneRun" 
"vapply" 1#216 "self$oneDay_EggMaturation" 1#48 "<Anonymous>" 2#443 "self$oneDay" 2#417 "network$oneRun" 
3#53 "Mosquito" 1#399 "self$oneDay_Reproduction" 1#58 "<Anonymous>" 2#443 "self$oneDay" 2#417 "network$oneRun" 
1#382 "self$oneDay_Reproduction" 1#58 "<Anonymous>" 2#443 "self$oneDay" 2#417 "network$oneRun" 
".Call" 6#59 "self$offspringDistribution" 1#377 "self$oneDay_Reproduction" 1#58 "<Anonymous>" 2#443 "self$oneDay" 2#417 "network$oneRun" 
".Call" 6#59 "self$offspringDistribution" 1#377 "self$oneDay_Reproduction" 1#58 "<Anonymous>" 2#443 "self$oneDay" 2#417 "network$oneRun" 
3#60 "Mosquito" 1#399 "self$oneDay_Reproduction" 1#58 "<Anonymous>" 2#443 "self$oneDay" 2#417 "network$oneRun" 
"vapply" 1#216 "self$oneDay_EggMaturation" 1#48 "<Anonymous>" 2#443 "self$oneDay" 2#417 "network$oneRun" 
1#377 "self$oneDay_Reproduction" 1#58 "<Anonymous>" 2#443 "self$oneDay" 2#417 "network$oneRun" 
"file.path" "writeLines" 4#316 "<Anonymous>" 2#451 "self$oneDay" 2#417 "network$oneRun" 
"file.path" "writeLines" 4#308 "<Anonymous>" 2#451 "self$oneDay" 2#417 "network$oneRun" 
"vapply" 1#216 "self$oneDay_EggMaturation" 1#48 "<Anonymous>" 2#443 "self$oneDay" 2#417 "network$oneRun" 
"vapply" 1#216 "self$oneDay_EggMaturation" 1#48 "<Anonymous>" 2#443 "self$oneDay" 2#417 "network$oneRun" 
"vapply" 1#216 "self$oneDay_EggMaturation" 1#48 "<Anonymous>" 2#443 "self$oneDay" 2#417 "network$oneRun" 
3#60 "mosquito$print_male" "file.path" "writeLines" 4#316 "<Anonymous>" 2#451 "self$oneDay" 2#417 "network$oneRun" 
"vapply" 1#299 "self$oneDay_PupaMaturation" 1#46 "<Anonymous>" 2#443 "self$oneDay" 2#417 "network$oneRun" 
1#401 "self$oneDay_Reproduction" 1#58 "<Anonymous>" 2#443 "self$oneDay" 2#417 "network$oneRun" 
"length" 1#242 "self$oneDay_LarvaMaturation" 1#47 "<Anonymous>" 2#443 "self$oneDay" 2#417 "network$oneRun" 
"writeLines" 4#316 "<Anonymous>" 2#451 "self$oneDay" 2#417 "network$oneRun" 
3#53 "Mosquito" 1#399 "self$oneDay_Reproduction" 1#58 "<Anonymous>" 2#443 "self$oneDay" 2#417 "network$oneRun" 
".Call" 6#59 "self$offspringDistribution" 1#377 "self$oneDay_Reproduction" 1#58 "<Anonymous>" 2#443 "self$oneDay" 2#417 "network$oneRun" 
"vapply" 1#256 "self$oneDay_LarvaMaturation" 1#47 "<Anonymous>" 2#443 "self$oneDay" 2#417 "network$oneRun" 
1#399 "self$oneDay_Reproduction" 1#58 "<Anonymous>" 2#443 "self$oneDay" 2#417 "network$oneRun" 
1#84 "self$oneDay_Age" 1#30 "<Anonymous>" 2#443 "self$oneDay" 2#417 "network$oneRun" 
3#58 "Mosquito" 1#399 "self$oneDay_Reproduction" 1#58 "<Anonymous>" 2#443 "self$oneDay" 2#417 "network$oneRun" 
"vapply" 1#216 "self$oneDay_EggMaturation" 1#48 "<Anonymous>" 2#443 "self$oneDay" 2#417 "network$oneRun" 
1#85 "self$oneDay_Age" 1#29 "<Anonymous>" 2#443 "self$oneDay" 2#417 "network$oneRun" 
1#85 "critter$age_one_day" 1#85 "self$oneDay_Age" 1#29 "<Anonymous>" 2#443 "self$oneDay" 2#417 "network$oneRun" 
1#85 "self$oneDay_Age" 1#29 "<Anonymous>" 2#443 "self$oneDay" 2#417 "network$oneRun" 
1#401 "self$oneDay_Reproduction" 1#58 "<Anonymous>" 2#443 "self$oneDay" 2#417 "network$oneRun" 
3#58 "critter$age_one_day" 1#85 "self$oneDay_Age" 1#29 "<Anonymous>" 2#443 "self$oneDay" 2#417 "network$oneRun" 
"vapply" 1#256 "self$oneDay_LarvaMaturation" 1#47 "<Anonymous>" 2#443 "self$oneDay" 2#417 "network$oneRun" 
"vapply" 1#256 "self$oneDay_LarvaMaturation" 1#47 "<Anonymous>" 2#443 "self$oneDay" 2#417 "network$oneRun" 
3#58 "Mosquito" 1#399 "self$oneDay_Reproduction" 1#58 "<Anonymous>" 2#443 "self$oneDay" 2#417 "network$oneRun" 
"vapply" 1#216 "self$oneDay_EggMaturation" 1#48 "<Anonymous>" 2#443 "self$oneDay" 2#417 "network$oneRun" 
"environment" 3#63 "Mosquito" 1#399 "self$oneDay_Reproduction" 1#58 "<Anonymous>" 2#443 "self$oneDay" 2#417 "network$oneRun" 
3#60 "Mosquito" 1#399 "self$oneDay_Reproduction" 1#58 "<Anonymous>" 2#443 "self$oneDay" 2#417 "network$oneRun" 
".Call" 6#59 "self$offspringDistribution" 1#377 "self$oneDay_Reproduction" 1#58 "<Anonymous>" 2#443 "self$oneDay" 2#417 "network$oneRun" 
1#85 "self$oneDay_Age" 1#29 "<Anonymous>" 2#443 "self$oneDay" 2#417 "network$oneRun" 
3#58 "critter$age_one_day" 1#85 "self$oneDay_Age" 1#30 "<Anonymous>" 2#443 "self$oneDay" 2#417 "network$oneRun" 
3#58 "critter$age_one_day" 1#85 "self$oneDay_Age" 1#29 "<Anonymous>" 2#443 "self$oneDay" 2#417 "network$oneRun" 
"rbinom" 1#105 "self$oneDay_EggDeath" 1#38 "<Anonymous>" 2#443 "self$oneDay" 2#417 "network$oneRun" 
1#85 "self$oneDay_Age" 1#29 "<Anonymous>" 2#443 "self$oneDay" 2#417 "network$oneRun" 
3#58 "critter$age_one_day" 1#85 "self$oneDay_Age" 1#30 "<Anonymous>" 2#443 "self$oneDay" 2#417 "network$oneRun" 
1#399 "self$oneDay_Reproduction" 1#58 "<Anonymous>" 2#443 "self$oneDay" 2#417 "network$oneRun" 
"file.path" "writeLines" 4#325 "<Anonymous>" 2#451 "self$oneDay" 2#417 "network$oneRun" 
"vapply" 1#256 "self$oneDay_LarvaMaturation" 1#47 "<Anonymous>" 2#443 "self$oneDay" 2#417 "network$oneRun" 
1#153 "self$oneDay_PupaDeath" 1#40 "<Anonymous>" 2#443 "self$oneDay" 2#417 "network$oneRun" 
1#399 "self$oneDay_Reproduction" 1#58 "<Anonymous>" 2#443 "self$oneDay" 2#417 "network$oneRun" 
3#60 "Mosquito" 1#399 "self$oneDay_Reproduction" 1#58 "<Anonymous>" 2#443 "self$oneDay" 2#417 "network$oneRun" 
1#85 "self$oneDay_Age" 1#29 "<Anonymous>" 2#443 "self$oneDay" 2#417 "network$oneRun" 
3#58 "Mosquito" 1#399 "self$oneDay_Reproduction" 1#58 "<Anonymous>" 2#443 "self$oneDay" 2#417 "network$oneRun" 
3#50 "Mosquito" 1#399 "self$oneDay_Reproduction" 1#58 "<Anonymous>" 2#443 "self$oneDay" 2#417 "network$oneRun" 
1#85 "self$oneDay_Age" 1#30 "<Anonymous>" 2#443 "self$oneDay" 2#417 "network$oneRun" 
".Call" 6#59 "self$offspringDistribution" 1#377 "self$oneDay_Reproduction" 1#58 "<Anonymous>" 2#443 "self$oneDay" 2#417 "network$oneRun" 
"vapply" 1#256 "self$oneDay_LarvaMaturation" 1#47 "<Anonymous>" 2#443 "self$oneDay" 2#417 "network$oneRun" 
1#399 "Mosquito" 1#399 "self$oneDay_Reproduction" 1#58 "<Anonymous>" 2#443 "self$oneDay" 2#417 "network$oneRun" 
"vapply" 1#341 "self$oneDay_Mate" 1#53 "<Anonymous>" 2#443 "self$oneDay" 2#417 "network$oneRun" 
1#85 "self$oneDay_Age" 1#29 "<Anonymous>" 2#443 "self$oneDay" 2#417 "network$oneRun" 
"cat" "pb$up" "setTxtProgressBar" 2#420 "network$oneRun" 
"rlnorm" 1#253 "self$oneDay_LarvaMaturation" 1#47 "<Anonymous>" 2#443 "self$oneDay" 2#417 "network$oneRun" 
"vapply" 1#216 "self$oneDay_EggMaturation" 1#48 "<Anonymous>" 2#443 "self$oneDay" 2#417 "network$oneRun" 
"vapply" 1#256 "self$oneDay_LarvaMaturation" 1#47 "<Anonymous>" 2#443 "self$oneDay" 2#417 "network$oneRun" 
1#401 "self$oneDay_Reproduction" 1#58 "<Anonymous>" 2#443 "self$oneDay" 2#417 "network$oneRun" 
6#58 "self$offspringDistribution" 1#377 "self$oneDay_Reproduction" 1#58 "<Anonymous>" 2#443 "self$oneDay" 2#417 "network$oneRun" 
".Call" 6#59 "self$offspringDistribution" 1#377 "self$oneDay_Reproduction" 1#58 "<Anonymous>" 2#443 "self$oneDay" 2#417 "network$oneRun" 
".Call" 6#59 "self$offspringDistribution" 1#377 "self$oneDay_Reproduction" 1#58 "<Anonymous>" 2#443 "self$oneDay" 2#417 "network$oneRun" 
"rlnorm" 1#253 "self$oneDay_LarvaMaturation" 1#47 "<Anonymous>" 2#443 "self$oneDay" 2#417 "network$oneRun" 
3#48 "Mosquito" 1#399 "self$oneDay_Reproduction" 1#58 "<Anonymous>" 2#443 "self$oneDay" 2#417 "network$oneRun" 
1#401 "self$oneDay_Reproduction" 1#58 "<Anonymous>" 2#443 "self$oneDay" 2#417 "network$oneRun" 
"vapply" 1#256 "self$oneDay_LarvaMaturation" 1#47 "<Anonymous>" 2#443 "self$oneDay" 2#417 "network$oneRun" 
"vapply" 1#256 "self$oneDay_LarvaMaturation" 1#47 "<Anonymous>" 2#443 "self$oneDay" 2#417 "network$oneRun" 
1#84 "self$oneDay_Age" 1#30 "<Anonymous>" 2#443 "self$oneDay" 2#417 "network$oneRun" 
3#59 "Mosquito" 1#399 "self$oneDay_Reproduction" 1#58 "<Anonymous>" 2#443 "self$oneDay" 2#417 "network$oneRun" 
3#59 "file.path" 3#59 "mosquito$print_female" "file.path" "writeLines" 4#332 "<Anonymous>" 2#451 "self$oneDay" 2#417 "network$oneRun" 
3#53 "Mosquito" 1#399 "self$oneDay_Reproduction" 1#58 "<Anonymous>" 2#443 "self$oneDay" 2#417 "network$oneRun" 
3#58 "critter$age_one_day" 1#85 "self$oneDay_Age" 1#29 "<Anonymous>" 2#443 "self$oneDay" 2#417 "network$oneRun" 
"rlnorm" 1#296 "self$oneDay_PupaMaturation" 1#46 "<Anonymous>" 2#443 "self$oneDay" 2#417 "network$oneRun" 
"vapply" 1#256 "self$oneDay_LarvaMaturation" 1#47 "<Anonymous>" 2#443 "self$oneDay" 2#417 "network$oneRun" 
1#401 "self$oneDay_Reproduction" 1#58 "<Anonymous>" 2#443 "self$oneDay" 2#417 "network$oneRun" 
1#84 "self$oneDay_Age" 1#30 "<Anonymous>" 2#443 "self$oneDay" 2#417 "network$oneRun" 
1#85 "self$oneDay_Age" 1#30 "<Anonymous>" 2#443 "self$oneDay" 2#417 "network$oneRun" 
1#399 "self$oneDay_Reproduction" 1#58 "<Anonymous>" 2#443 "self$oneDay" 2#417 "network$oneRun" 
1#382 "self$oneDay_Reproduction" 1#58 "<Anonymous>" 2#443 "self$oneDay" 2#417 "network$oneRun" 
1#85 "self$oneDay_Age" 1#29 "<Anonymous>" 2#443 "self$oneDay" 2#417 "network$oneRun" 
1#399 "Mosquito" 1#399 "self$oneDay_Reproduction" 1#58 "<Anonymous>" 2#443 "self$oneDay" 2#417 "network$oneRun" 
"c" 1#406 "self$oneDay_Reproduction" 1#58 "<Anonymous>" 2#443 "self$oneDay" 2#417 "network$oneRun" 
1#85 "self$oneDay_Age" 1#29 "<Anonymous>" 2#443 "self$oneDay" 2#417 "network$oneRun" 
1#85 "self$oneDay_Age" 1#30 "<Anonymous>" 2#443 "self$oneDay" 2#417 "network$oneRun" 
1#399 "Mosquito" 1#399 "self$oneDay_Reproduction" 1#58 "<Anonymous>" 2#443 "self$oneDay" 2#417 "network$oneRun" 
1#85 "self$oneDay_Age" 1#29 "<Anonymous>" 2#443 "self$oneDay" 2#417 "network$oneRun" 
"environment" 3#63 "Mosquito" 1#399 "self$oneDay_Reproduction" 1#58 "<Anonymous>" 2#443 "self$oneDay" 2#417 "network$oneRun" 
3#49 "Mosquito" 1#399 "self$oneDay_Reproduction" 1#58 "<Anonymous>" 2#443 "self$oneDay" 2#417 "network$oneRun" 
"vapply" 1#256 "self$oneDay_LarvaMaturation" 1#47 "<Anonymous>" 2#443 "self$oneDay" 2#417 "network$oneRun" 
1#399 "Mosquito" 1#399 "self$oneDay_Reproduction" 1#58 "<Anonymous>" 2#443 "self$oneDay" 2#417 "network$oneRun" 
"rmultinom" 1#382 "self$oneDay_Reproduction" 1#58 "<Anonymous>" 2#443 "self$oneDay" 2#417 "network$oneRun" 
2#257 "<Anonymous>" "rbinom" 1#105 "self$oneDay_EggDeath" 1#38 "<Anonymous>" 2#443 "self$oneDay" 2#417 "network$oneRun" 
".Call" 6#59 "self$offspringDistribution" 1#377 "self$oneDay_Reproduction" 1#58 "<Anonymous>" 2#443 "self$oneDay" 2#417 "network$oneRun" 
1#85 "self$oneDay_Age" 1#30 "<Anonymous>" 2#443 "self$oneDay" 2#417 "network$oneRun" 
"vapply" 1#256 "self$oneDay_LarvaMaturation" 1#47 "<Anonymous>" 2#443 "self$oneDay" 2#417 "network$oneRun" 
"vapply" 1#256 "self$oneDay_LarvaMaturation" 1#47 "<Anonymous>" 2#443 "self$oneDay" 2#417 "network$oneRun" 
"vapply" 1#216 "self$oneDay_EggMaturation" 1#48 "<Anonymous>" 2#443 "self$oneDay" 2#417 "network$oneRun" 
1#85 "self$oneDay_Age" 1#30 "<Anonymous>" 2#443 "self$oneDay" 2#417 "network$oneRun" 
"vapply" 1#216 "self$oneDay_EggMaturation" 1#48 "<Anonymous>" 2#443 "self$oneDay" 2#417 "network$oneRun" 
"rbinom" 1#105 "self$oneDay_EggDeath" 1#38 "<Anonymous>" 2#443 "self$oneDay" 2#417 "network$oneRun" 
1#399 "Mosquito" 1#399 "self$oneDay_Reproduction" 1#58 "<Anonymous>" 2#443 "self$oneDay" 2#417 "network$oneRun" 
3#46 "Mosquito" 1#399 "self$oneDay_Reproduction" 1#58 "<Anonymous>" 2#443 "self$oneDay" 2#417 "network$oneRun" 
2#258 "<Anonymous>" 1#124 "self$oneDay_LarvalDeath" 1#39 "<Anonymous>" 2#443 "self$oneDay" 2#417 "network$oneRun" 
1#399 "self$oneDay_Reproduction" 1#58 "<Anonymous>" 2#443 "self$oneDay" 2#417 "network$oneRun" 
3#58 "critter$age_one_day" 1#85 "self$oneDay_Age" 1#30 "<Anonymous>" 2#443 "self$oneDay" 2#417 "network$oneRun" 
1#399 "self$oneDay_Reproduction" 1#58 "<Anonymous>" 2#443 "self$oneDay" 2#417 "network$oneRun" 
"c" 1#406 "self$oneDay_Reproduction" 1#58 "<Anonymous>" 2#443 "self$oneDay" 2#417 "network$oneRun" 
3#60 "Mosquito" 1#399 "self$oneDay_Reproduction" 1#58 "<Anonymous>" 2#443 "self$oneDay" 2#417 "network$oneRun" 
1#85 "self$oneDay_Age" 1#30 "<Anonymous>" 2#443 "self$oneDay" 2#417 "network$oneRun" 
1#85 "self$oneDay_Age" 1#30 "<Anonymous>" 2#443 "self$oneDay" 2#417 "network$oneRun" 
"vapply" 1#216 "self$oneDay_EggMaturation" 1#48 "<Anonymous>" 2#443 "self$oneDay" 2#417 "network$oneRun" 
"vapply" 1#256 "self$oneDay_LarvaMaturation" 1#47 "<Anonymous>" 2#443 "self$oneDay" 2#417 "network$oneRun" 
"c" 1#406 "self$oneDay_Reproduction" 1#58 "<Anonymous>" 2#443 "self$oneDay" 2#417 "network$oneRun" 
"rlnorm" 1#253 "self$oneDay_LarvaMaturation" 1#47 "<Anonymous>" 2#443 "self$oneDay" 2#417 "network$oneRun" 
1#85 "self$oneDay_Age" 1#30 "<Anonymous>" 2#443 "self$oneDay" 2#417 "network$oneRun" 
1#399 "self$oneDay_Reproduction" 1#58 "<Anonymous>" 2#443 "self$oneDay" 2#417 "network$oneRun" 
"c" 1#406 "self$oneDay_Reproduction" 1#58 "<Anonymous>" 2#443 "self$oneDay" 2#417 "network$oneRun" 
3#58 "critter$age_one_day" 1#85 "self$oneDay_Age" 1#32 "<Anonymous>" 2#443 "self$oneDay" 2#417 "network$oneRun" 
"vapply" 1#216 "self$oneDay_EggMaturation" 1#48 "<Anonymous>" 2#443 "self$oneDay" 2#417 "network$oneRun" 
"c" 4#508 "<Anonymous>" 2#503 "self$oneDay_Migration" 2#447 "self$oneDay" 2#417 "network$oneRun" 
3#59 "Mosquito" 1#399 "self$oneDay_Reproduction" 1#58 "<Anonymous>" 2#443 "self$oneDay" 2#417 "network$oneRun" 
3#49 "Mosquito" 1#399 "self$oneDay_Reproduction" 1#58 "<Anonymous>" 2#443 "self$oneDay" 2#417 "network$oneRun" 
".Call" 6#59 "self$offspringDistribution" 1#377 "self$oneDay_Reproduction" 1#58 "<Anonymous>" 2#443 "self$oneDay" 2#417 "network$oneRun" 
"c" 1#222 "self$oneDay_EggMaturation" 1#48 "<Anonymous>" 2#443 "self$oneDay" 2#417 "network$oneRun" 
".Call" 6#59 "self$offspringDistribution" 1#377 "self$oneDay_Reproduction" 1#58 "<Anonymous>" 2#443 "self$oneDay" 2#417 "network$oneRun" 
"vapply" 1#256 "self$oneDay_LarvaMaturation" 1#47 "<Anonymous>" 2#443 "self$oneDay" 2#417 "network$oneRun" 
1#377 "self$offspringDistribution" 1#377 "self$oneDay_Reproduction" 1#58 "<Anonymous>" 2#443 "self$oneDay" 2#417 "network$oneRun" 
3#58 "critter$age_one_day" 1#85 "self$oneDay_Age" 1#30 "<Anonymous>" 2#443 "self$oneDay" 2#417 "network$oneRun" 
1#85 "self$oneDay_Age" 1#30 "<Anonymous>" 2#443 "self$oneDay" 2#417 "network$oneRun" 
"environment" 3#63 "Mosquito" 1#399 "self$oneDay_Reproduction" 1#58 "<Anonymous>" 2#443 "self$oneDay" 2#417 "network$oneRun" 
1#85 "self$oneDay_Age" 1#29 "<Anonymous>" 2#443 "self$oneDay" 2#417 "network$oneRun" 
1#85 "self$oneDay_Age" 1#29 "<Anonymous>" 2#443 "self$oneDay" 2#417 "network$oneRun" 
1#406 "c" 1#406 "self$oneDay_Reproduction" 1#58 "<Anonymous>" 2#443 "self$oneDay" 2#417 "network$oneRun" 
"rbinom" 1#130 "self$oneDay_LarvalDeath" 1#39 "<Anonymous>" 2#443 "self$oneDay" 2#417 "network$oneRun" 
1#85 "self$oneDay_Age" 1#30 "<Anonymous>" 2#443 "self$oneDay" 2#417 "network$oneRun" 
"file.path" "writeLines" 4#308 "<Anonymous>" 2#451 "self$oneDay" 2#417 "network$oneRun" 
3#58 "critter$age_one_day" 1#85 "self$oneDay_Age" 1#30 "<Anonymous>" 2#443 "self$oneDay" 2#417 "network$oneRun" 
3#58 "critter$age_one_day" 1#85 "self$oneDay_Age" 1#30 "<Anonymous>" 2#443 "self$oneDay" 2#417 "network$oneRun" 
1#401 "self$oneDay_Reproduction" 1#58 "<Anonymous>" 2#443 "self$oneDay" 2#417 "network$oneRun" 
"rbinom" 1#130 "self$oneDay_LarvalDeath" 1#39 "<Anonymous>" 2#443 "self$oneDay" 2#417 "network$oneRun" 
1#399 "Mosquito" 1#399 "self$oneDay_Reproduction" 1#58 "<Anonymous>" 2#443 "self$oneDay" 2#417 "network$oneRun" 
"vapply" 1#256 "self$oneDay_LarvaMaturation" 1#47 "<Anonymous>" 2#443 "self$oneDay" 2#417 "network$oneRun" 
3#60 "Mosquito" 1#399 "self$oneDay_Reproduction" 1#58 "<Anonymous>" 2#443 "self$oneDay" 2#417 "network$oneRun" 
3#60 "mosquito$print_male" "file.path" "writeLines" 4#316 "<Anonymous>" 2#451 "self$oneDay" 2#417 "network$oneRun" 
3#58 "critter$age_one_day" 1#85 "self$oneDay_Age" 1#30 "<Anonymous>" 2#443 "self$oneDay" 2#417 "network$oneRun" 
3#58 "critter$age_one_day" 1#85 "self$oneDay_Age" 1#29 "<Anonymous>" 2#443 "self$oneDay" 2#417 "network$oneRun" 
6#59 "self$offspringDistribution" 1#377 "self$oneDay_Reproduction" 1#58 "<Anonymous>" 2#443 "self$oneDay" 2#417 "network$oneRun" 
"vapply" 1#256 "self$oneDay_LarvaMaturation" 1#47 "<Anonymous>" 2#443 "self$oneDay" 2#417 "network$oneRun" 
3#58 "critter$age_one_day" 1#85 "self$oneDay_Age" 1#29 "<Anonymous>" 2#443 "self$oneDay" 2#417 "network$oneRun" 
1#134 "self$oneDay_LarvalDeath" 1#39 "<Anonymous>" 2#443 "self$oneDay" 2#417 "network$oneRun" 
2#451 "self$oneDay" 2#417 "network$oneRun" 
"c" 1#406 "self$oneDay_Reproduction" 1#58 "<Anonymous>" 2#443 "self$oneDay" 2#417 "network$oneRun" 
".Call" 6#59 "self$offspringDistribution" 1#377 "self$oneDay_Reproduction" 1#58 "<Anonymous>" 2#443 "self$oneDay" 2#417 "network$oneRun" 
3#53 "Mosquito" 1#399 "self$oneDay_Reproduction" 1#58 "<Anonymous>" 2#443 "self$oneDay" 2#417 "network$oneRun" 
"vapply" 1#216 "self$oneDay_EggMaturation" 1#48 "<Anonymous>" 2#443 "self$oneDay" 2#417 "network$oneRun" 
3#63 "Mosquito" 1#399 "self$oneDay_Reproduction" 1#58 "<Anonymous>" 2#443 "self$oneDay" 2#417 "network$oneRun" 
"get" "match.fun" "lapply" 2#496 "unlist" 2#496 "FUN" "lapply" 2#495 "self$oneDay_Migration" 2#447 "self$oneDay" 2#417 "network$oneRun" 
3#59 "Mosquito" 1#399 "self$oneDay_Reproduction" 1#58 "<Anonymous>" 2#443 "self$oneDay" 2#417 "network$oneRun" 
1#399 "Mosquito" 1#399 "self$oneDay_Reproduction" 1#58 "<Anonymous>" 2#443 "self$oneDay" 2#417 "network$oneRun" 
1#40 "<Anonymous>" 2#443 "self$oneDay" 2#417 "network$oneRun" 
3#58 "critter$age_one_day" 1#85 "self$oneDay_Age" 1#29 "<Anonymous>" 2#443 "self$oneDay" 2#417 "network$oneRun" 
1#399 "self$oneDay_Reproduction" 1#58 "<Anonymous>" 2#443 "self$oneDay" 2#417 "network$oneRun" 
"vapply" 1#216 "self$oneDay_EggMaturation" 1#48 "<Anonymous>" 2#443 "self$oneDay" 2#417 "network$oneRun" 
"vapply" 1#216 "self$oneDay_EggMaturation" 1#48 "<Anonymous>" 2#443 "self$oneDay" 2#417 "network$oneRun" 
"vapply" 1#216 "self$oneDay_EggMaturation" 1#48 "<Anonymous>" 2#443 "self$oneDay" 2#417 "network$oneRun" 
".Call" 6#59 "self$offspringDistribution" 1#377 "self$oneDay_Reproduction" 1#58 "<Anonymous>" 2#443 "self$oneDay" 2#417 "network$oneRun" 
"c" 1#406 "self$oneDay_Reproduction" 1#58 "<Anonymous>" 2#443 "self$oneDay" 2#417 "network$oneRun" 
1#85 "self$oneDay_Age" 1#29 "<Anonymous>" 2#443 "self$oneDay" 2#417 "network$oneRun" 
1#85 "self$oneDay_Age" 1#29 "<Anonymous>" 2#443 "self$oneDay" 2#417 "network$oneRun" 
"environment" 3#63 "Mosquito" 1#399 "self$oneDay_Reproduction" 1#58 "<Anonymous>" 2#443 "self$oneDay" 2#417 "network$oneRun" 
1#85 "self$oneDay_Age" 1#30 "<Anonymous>" 2#443 "self$oneDay" 2#417 "network$oneRun" 
1#85 "self$oneDay_Age" 1#30 "<Anonymous>" 2#443 "self$oneDay" 2#417 "network$oneRun" 
3#58 "critter$age_one_day" 1#85 "self$oneDay_Age" 1#30 "<Anonymous>" 2#443 "self$oneDay" 2#417 "network$oneRun" 
1#126 "self$oneDay_LarvalDeath" 1#39 "<Anonymous>" 2#443 "self$oneDay" 2#417 "network$oneRun" 
3#59 "Mosquito" 1#399 "self$oneDay_Reproduction" 1#58 "<Anonymous>" 2#443 "self$oneDay" 2#417 "network$oneRun" 
1#85 "self$oneDay_Age" 1#30 "<Anonymous>" 2#443 "self$oneDay" 2#417 "network$oneRun" 
1#85 "self$oneDay_Age" 1#30 "<Anonymous>" 2#443 "self$oneDay" 2#417 "network$oneRun" 
".Call" 6#59 "self$offspringDistribution" 1#377 "self$oneDay_Reproduction" 1#58 "<Anonymous>" 2#443 "self$oneDay" 2#417 "network$oneRun" 
1#85 "self$oneDay_Age" 1#30 "<Anonymous>" 2#443 "self$oneDay" 2#417 "network$oneRun" 
1#85 "self$oneDay_Age" 1#30 "<Anonymous>" 2#443 "self$oneDay" 2#417 "network$oneRun" 
1#377 "self$oneDay_Reproduction" 1#58 "<Anonymous>" 2#443 "self$oneDay" 2#417 "network$oneRun" 
3#58 "critter$age_one_day" 1#85 "self$oneDay_Age" 1#30 "<Anonymous>" 2#443 "self$oneDay" 2#417 "network$oneRun" 
1#149 "self$oneDay_PupaDeath" 1#40 "<Anonymous>" 2#443 "self$oneDay" 2#417 "network$oneRun" 
"vapply" 1#216 "self$oneDay_EggMaturation" 1#48 "<Anonymous>" 2#443 "self$oneDay" 2#417 "network$oneRun" 
2#442 "self$oneDay" 2#417 "network$oneRun" 
1#85 "self$oneDay_Age" 1#30 "<Anonymous>" 2#443 "self$oneDay" 2#417 "network$oneRun" 
3#60 "Mosquito" 1#399 "self$oneDay_Reproduction" 1#58 "<Anonymous>" 2#443 "self$oneDay" 2#417 "network$oneRun" 
2#494 "unlist" 2#494 "FUN" "lapply" 2#493 "self$oneDay_Migration" 2#447 "self$oneDay" 2#417 "network$oneRun" 
"vapply" 1#256 "self$oneDay_LarvaMaturation" 1#47 "<Anonymous>" 2#443 "self$oneDay" 2#417 "network$oneRun" 
1#399 "self$oneDay_Reproduction" 1#58 "<Anonymous>" 2#443 "self$oneDay" 2#417 "network$oneRun" 
1#85 "self$oneDay_Age" 1#29 "<Anonymous>" 2#443 "self$oneDay" 2#417 "network$oneRun" 
"rpois" 1#382 "rmultinom" 1#382 "self$oneDay_Reproduction" 1#58 "<Anonymous>" 2#443 "self$oneDay" 2#417 "network$oneRun" 
1#399 "self$oneDay_Reproduction" 1#58 "<Anonymous>" 2#443 "self$oneDay" 2#417 "network$oneRun" 
"vapply" 1#256 "self$oneDay_LarvaMaturation" 1#47 "<Anonymous>" 2#443 "self$oneDay" 2#417 "network$oneRun" 
"vapply" 1#216 "self$oneDay_EggMaturation" 1#48 "<Anonymous>" 2#443 "self$oneDay" 2#417 "network$oneRun" 
1#399 "self$oneDay_Reproduction" 1#58 "<Anonymous>" 2#443 "self$oneDay" 2#417 "network$oneRun" 
1#85 "self$oneDay_Age" 1#30 "<Anonymous>" 2#443 "self$oneDay" 2#417 "network$oneRun" 
1#84 "self$oneDay_Age" 1#30 "<Anonymous>" 2#443 "self$oneDay" 2#417 "network$oneRun" 
"vapply" 1#216 "self$oneDay_EggMaturation" 1#48 "<Anonymous>" 2#443 "self$oneDay" 2#417 "network$oneRun" 
1#123 "self$oneDay_LarvalDeath" 1#39 "<Anonymous>" 2#443 "self$oneDay" 2#417 "network$oneRun" 
"writeLines" 4#332 "<Anonymous>" 2#451 "self$oneDay" 2#417 "network$oneRun" 
"rlnorm" 1#253 "self$oneDay_LarvaMaturation" 1#47 "<Anonymous>" 2#443 "self$oneDay" 2#417 "network$oneRun" 
"vapply" 1#256 "self$oneDay_LarvaMaturation" 1#47 "<Anonymous>" 2#443 "self$oneDay" 2#417 "network$oneRun" 
1#399 "Mosquito" 1#399 "self$oneDay_Reproduction" 1#58 "<Anonymous>" 2#443 "self$oneDay" 2#417 "network$oneRun" 
"c" 1#406 "self$oneDay_Reproduction" 1#58 "<Anonymous>" 2#443 "self$oneDay" 2#417 "network$oneRun" 
".Call" 6#59 "self$offspringDistribution" 1#377 "self$oneDay_Reproduction" 1#58 "<Anonymous>" 2#443 "self$oneDay" 2#417 "network$oneRun" 
1#85 "self$oneDay_Age" 1#29 "<Anonymous>" 2#443 "self$oneDay" 2#417 "network$oneRun" 
3#58 "critter$age_one_day" 1#85 "self$oneDay_Age" 1#30 "<Anonymous>" 2#443 "self$oneDay" 2#417 "network$oneRun" 
"vapply" 1#216 "self$oneDay_EggMaturation" 1#48 "<Anonymous>" 2#443 "self$oneDay" 2#417 "network$oneRun" 
3#58 "critter$age_one_day" 1#85 "self$oneDay_Age" 1#29 "<Anonymous>" 2#443 "self$oneDay" 2#417 "network$oneRun" 
4#314 "<Anonymous>" 2#451 "self$oneDay" 2#417 "network$oneRun" 
3#58 "critter$age_one_day" 1#85 "self$oneDay_Age" 1#30 "<Anonymous>" 2#443 "self$oneDay" 2#417 "network$oneRun" 
"vapply" 1#256 "self$oneDay_LarvaMaturation" 1#47 "<Anonymous>" 2#443 "self$oneDay" 2#417 "network$oneRun" 
3#63 "Mosquito" 1#399 "self$oneDay_Reproduction" 1#58 "<Anonymous>" 2#443 "self$oneDay" 2#417 "network$oneRun" 
".Call" 6#59 "self$offspringDistribution" 1#377 "self$oneDay_Reproduction" 1#58 "<Anonymous>" 2#443 "self$oneDay" 2#417 "network$oneRun" 
1#84 "self$oneDay_Age" 1#30 "<Anonymous>" 2#443 "self$oneDay" 2#417 "network$oneRun" 
1#399 "Mosquito" 1#399 "self$oneDay_Reproduction" 1#58 "<Anonymous>" 2#443 "self$oneDay" 2#417 "network$oneRun" 
3#60 "Mosquito" 1#399 "self$oneDay_Reproduction" 1#58 "<Anonymous>" 2#443 "self$oneDay" 2#417 "network$oneRun" 
1#85 "critter$age_one_day" 1#85 "self$oneDay_Age" 1#29 "<Anonymous>" 2#443 "self$oneDay" 2#417 "network$oneRun" 
"rlnorm" 1#253 "self$oneDay_LarvaMaturation" 1#47 "<Anonymous>" 2#443 "self$oneDay" 2#417 "network$oneRun" 
"vapply" 1#256 "self$oneDay_LarvaMaturation" 1#47 "<Anonymous>" 2#443 "self$oneDay" 2#417 "network$oneRun" 
"rlnorm" 1#253 "self$oneDay_LarvaMaturation" 1#47 "<Anonymous>" 2#443 "self$oneDay" 2#417 "network$oneRun" 
1#399 "Mosquito" 1#399 "self$oneDay_Reproduction" 1#58 "<Anonymous>" 2#443 "self$oneDay" 2#417 "network$oneRun" 
1#399 "Mosquito" 1#399 "self$oneDay_Reproduction" 1#58 "<Anonymous>" 2#443 "self$oneDay" 2#417 "network$oneRun" 
"vapply" 1#256 "self$oneDay_LarvaMaturation" 1#47 "<Anonymous>" 2#443 "self$oneDay" 2#417 "network$oneRun" 
1#399 "self$oneDay_Reproduction" 1#58 "<Anonymous>" 2#443 "self$oneDay" 2#417 "network$oneRun" 
6#59 "self$offspringDistribution" 1#377 "self$oneDay_Reproduction" 1#58 "<Anonymous>" 2#443 "self$oneDay" 2#417 "network$oneRun" 
1#399 "self$oneDay_Reproduction" 1#58 "<Anonymous>" 2#443 "self$oneDay" 2#417 "network$oneRun" 
1#84 "self$oneDay_Age" 1#33 "<Anonymous>" 2#443 "self$oneDay" 2#417 "network$oneRun" 
"vapply" 1#256 "self$oneDay_LarvaMaturation" 1#47 "<Anonymous>" 2#443 "self$oneDay" 2#417 "network$oneRun" 
1#85 "self$oneDay_Age" 1#29 "<Anonymous>" 2#443 "self$oneDay" 2#417 "network$oneRun" 
"vapply" 1#256 "self$oneDay_LarvaMaturation" 1#47 "<Anonymous>" 2#443 "self$oneDay" 2#417 "network$oneRun" 
"vapply" 1#216 "self$oneDay_EggMaturation" 1#48 "<Anonymous>" 2#443 "self$oneDay" 2#417 "network$oneRun" 
1#134 "self$oneDay_LarvalDeath" 1#39 "<Anonymous>" 2#443 "self$oneDay" 2#417 "network$oneRun" 
2#264 "<Anonymous>" 1#377 "self$offspringDistribution" 1#377 "self$oneDay_Reproduction" 1#58 "<Anonymous>" 2#443 "self$oneDay" 2#417 "network$oneRun" 
1#85 "self$oneDay_Age" 1#30 "<Anonymous>" 2#443 "self$oneDay" 2#417 "network$oneRun" 
"vapply" 1#256 "self$oneDay_LarvaMaturation" 1#47 "<Anonymous>" 2#443 "self$oneDay" 2#417 "network$oneRun" 
".Call" 6#59 "self$offspringDistribution" 1#377 "self$oneDay_Reproduction" 1#58 "<Anonymous>" 2#443 "self$oneDay" 2#417 "network$oneRun" 
"rbinom" 1#130 "self$oneDay_LarvalDeath" 1#39 "<Anonymous>" 2#443 "self$oneDay" 2#417 "network$oneRun" 
1#399 "self$oneDay_Reproduction" 1#58 "<Anonymous>" 2#443 "self$oneDay" 2#417 "network$oneRun" 
1#85 "critter$age_one_day" 1#85 "self$oneDay_Age" 1#30 "<Anonymous>" 2#443 "self$oneDay" 2#417 "network$oneRun" 
1#85 "self$oneDay_Age" 1#29 "<Anonymous>" 2#443 "self$oneDay" 2#417 "network$oneRun" 
3#58 "critter$age_one_day" 1#85 "self$oneDay_Age" 1#30 "<Anonymous>" 2#443 "self$oneDay" 2#417 "network$oneRun" 
3#53 "Mosquito" 1#399 "self$oneDay_Reproduction" 1#58 "<Anonymous>" 2#443 "self$oneDay" 2#417 "network$oneRun" 
2#269 "<Anonymous>" "writeLines" 4#332 "<Anonymous>" 2#451 "self$oneDay" 2#417 "network$oneRun" 
"vapply" 1#256 "self$oneDay_LarvaMaturation" 1#47 "<Anonymous>" 2#443 "self$oneDay" 2#417 "network$oneRun" 
1#84 "self$oneDay_Age" 1#30 "<Anonymous>" 2#443 "self$oneDay" 2#417 "network$oneRun" 
3#63 "Mosquito" 1#399 "self$oneDay_Reproduction" 1#58 "<Anonymous>" 2#443 "self$oneDay" 2#417 "network$oneRun" 
"c" 1#406 "self$oneDay_Reproduction" 1#58 "<Anonymous>" 2#443 "self$oneDay" 2#417 "network$oneRun" 
"vapply" 1#256 "self$oneDay_LarvaMaturation" 1#47 "<Anonymous>" 2#443 "self$oneDay" 2#417 "network$oneRun" 
1#85 "self$oneDay_Age" 1#29 "<Anonymous>" 2#443 "self$oneDay" 2#417 "network$oneRun" 
1#399 "self$oneDay_Reproduction" 1#58 "<Anonymous>" 2#443 "self$oneDay" 2#417 "network$oneRun" 
1#85 "self$oneDay_Age" 1#30 "<Anonymous>" 2#443 "self$oneDay" 2#417 "network$oneRun" 
".Call" 6#59 "self$offspringDistribution" 1#377 "self$oneDay_Reproduction" 1#58 "<Anonymous>" 2#443 "self$oneDay" 2#417 "network$oneRun" 
3#58 "Mosquito" 1#399 "self$oneDay_Reproduction" 1#58 "<Anonymous>" 2#443 "self$oneDay" 2#417 "network$oneRun" 
".Call" 6#59 "self$offspringDistribution" 1#377 "self$oneDay_Reproduction" 1#58 "<Anonymous>" 2#443 "self$oneDay" 2#417 "network$oneRun" 
1#85 "self$oneDay_Age" 1#30 "<Anonymous>" 2#443 "self$oneDay" 2#417 "network$oneRun" 
3#59 "Mosquito" 1#399 "self$oneDay_Reproduction" 1#58 "<Anonymous>" 2#443 "self$oneDay" 2#417 "network$oneRun" 
"vapply" 1#256 "self$oneDay_LarvaMaturation" 1#47 "<Anonymous>" 2#443 "self$oneDay" 2#417 "network$oneRun" 
1#399 "self$oneDay_Reproduction" 1#58 "<Anonymous>" 2#443 "self$oneDay" 2#417 "network$oneRun" 
1#399 "self$oneDay_Reproduction" 1#58 "<Anonymous>" 2#443 "self$oneDay" 2#417 "network$oneRun" 
1#401 "self$oneDay_Reproduction" 1#58 "<Anonymous>" 2#443 "self$oneDay" 2#417 "network$oneRun" 
1#401 "self$oneDay_Reproduction" 1#58 "<Anonymous>" 2#443 "self$oneDay" 2#417 "network$oneRun" 
"environment" 3#63 "Mosquito" 1#399 "self$oneDay_Reproduction" 1#58 "<Anonymous>" 2#443 "self$oneDay" 2#417 "network$oneRun" 
1#399 "Mosquito" 1#399 "self$oneDay_Reproduction" 1#58 "<Anonymous>" 2#443 "self$oneDay" 2#417 "network$oneRun" 
1#399 "Mosquito" 1#399 "self$oneDay_Reproduction" 1#58 "<Anonymous>" 2#443 "self$oneDay" 2#417 "network$oneRun" 
1#399 "Mosquito" 1#399 "self$oneDay_Reproduction" 1#58 "<Anonymous>" 2#443 "self$oneDay" 2#417 "network$oneRun" 
1#399 "Mosquito" 1#399 "self$oneDay_Reproduction" 1#58 "<Anonymous>" 2#443 "self$oneDay" 2#417 "network$oneRun" 
3#49 "Mosquito" 1#399 "self$oneDay_Reproduction" 1#58 "<Anonymous>" 2#443 "self$oneDay" 2#417 "network$oneRun" 
"file.path" 3#59 "mosquito$print_female" "file.path" "writeLines" 4#332 "<Anonymous>" 2#451 "self$oneDay" 2#417 "network$oneRun" 
"vapply" 1#216 "self$oneDay_EggMaturation" 1#48 "<Anonymous>" 2#443 "self$oneDay" 2#417 "network$oneRun" 
3#58 "critter$age_one_day" 1#85 "self$oneDay_Age" 1#29 "<Anonymous>" 2#443 "self$oneDay" 2#417 "network$oneRun" 
"rlnorm" 1#253 "self$oneDay_LarvaMaturation" 1#47 "<Anonymous>" 2#443 "self$oneDay" 2#417 "network$oneRun" 
"vapply" 1#256 "self$oneDay_LarvaMaturation" 1#47 "<Anonymous>" 2#443 "self$oneDay" 2#417 "network$oneRun" 
1#401 "self$oneDay_Reproduction" 1#58 "<Anonymous>" 2#443 "self$oneDay" 2#417 "network$oneRun" 
1#85 "self$oneDay_Age" 1#30 "<Anonymous>" 2#443 "self$oneDay" 2#417 "network$oneRun" 
"vapply" 1#256 "self$oneDay_LarvaMaturation" 1#47 "<Anonymous>" 2#443 "self$oneDay" 2#417 "network$oneRun" 
1#399 "self$oneDay_Reproduction" 1#58 "<Anonymous>" 2#443 "self$oneDay" 2#417 "network$oneRun" 
".Call" 6#59 "self$offspringDistribution" 1#377 "self$oneDay_Reproduction" 1#58 "<Anonymous>" 2#443 "self$oneDay" 2#417 "network$oneRun" 
"rlnorm" 1#253 "self$oneDay_LarvaMaturation" 1#47 "<Anonymous>" 2#443 "self$oneDay" 2#417 "network$oneRun" 
1#134 "self$oneDay_LarvalDeath" 1#39 "<Anonymous>" 2#443 "self$oneDay" 2#417 "network$oneRun" 
3#58 "Mosquito" 1#399 "self$oneDay_Reproduction" 1#58 "<Anonymous>" 2#443 "self$oneDay" 2#417 "network$oneRun" 
".Call" 6#59 "self$offspringDistribution" 1#377 "self$oneDay_Reproduction" 1#58 "<Anonymous>" 2#443 "self$oneDay" 2#417 "network$oneRun" 
1#392 "self$oneDay_Reproduction" 1#58 "<Anonymous>" 2#443 "self$oneDay" 2#417 "network$oneRun" 
".Call" 6#59 "self$offspringDistribution" 1#377 "self$oneDay_Reproduction" 1#58 "<Anonymous>" 2#443 "self$oneDay" 2#417 "network$oneRun" 
"vapply" 1#256 "self$oneDay_LarvaMaturation" 1#47 "<Anonymous>" 2#443 "self$oneDay" 2#417 "network$oneRun" 
"vapply" 1#216 "self$oneDay_EggMaturation" 1#48 "<Anonymous>" 2#443 "self$oneDay" 2#417 "network$oneRun" 
".Call" 6#59 "self$offspringDistribution" 1#377 "self$oneDay_Reproduction" 1#58 "<Anonymous>" 2#443 "self$oneDay" 2#417 "network$oneRun" 
1#394 "self$oneDay_Reproduction" 1#58 "<Anonymous>" 2#443 "self$oneDay" 2#417 "network$oneRun" 
"vapply" 1#216 "self$oneDay_EggMaturation" 1#48 "<Anonymous>" 2#443 "self$oneDay" 2#417 "network$oneRun" 
"vapply" 1#216 "self$oneDay_EggMaturation" 1#48 "<Anonymous>" 2#443 "self$oneDay" 2#417 "network$oneRun" 
1#153 "self$oneDay_PupaDeath" 1#40 "<Anonymous>" 2#443 "self$oneDay" 2#417 "network$oneRun" 
3#59 "mosquito$print_female" "file.path" "writeLines" 4#332 "<Anonymous>" 2#451 "self$oneDay" 2#417 "network$oneRun" 
"vapply" 1#256 "self$oneDay_LarvaMaturation" 1#47 "<Anonymous>" 2#443 "self$oneDay" 2#417 "network$oneRun" 
3#58 "critter$age_one_day" 1#85 "self$oneDay_Age" 1#29 "<Anonymous>" 2#443 "self$oneDay" 2#417 "network$oneRun" 
1#399 "self$oneDay_Reproduction" 1#58 "<Anonymous>" 2#443 "self$oneDay" 2#417 "network$oneRun" 
".Call" 6#59 "self$offspringDistribution" 1#377 "self$oneDay_Reproduction" 1#58 "<Anonymous>" 2#443 "self$oneDay" 2#417 "network$oneRun" 
1#399 "self$oneDay_Reproduction" 1#58 "<Anonymous>" 2#443 "self$oneDay" 2#417 "network$oneRun" 
"vapply" 1#216 "self$oneDay_EggMaturation" 1#48 "<Anonymous>" 2#443 "self$oneDay" 2#417 "network$oneRun" 
1#85 "critter$age_one_day" 1#85 "self$oneDay_Age" 1#29 "<Anonymous>" 2#443 "self$oneDay" 2#417 "network$oneRun" 
1#85 "self$oneDay_Age" 1#30 "<Anonymous>" 2#443 "self$oneDay" 2#417 "network$oneRun" 
3#49 "Mosquito" 1#399 "self$oneDay_Reproduction" 1#58 "<Anonymous>" 2#443 "self$oneDay" 2#417 "network$oneRun" 
3#58 "Mosquito" 1#399 "self$oneDay_Reproduction" 1#58 "<Anonymous>" 2#443 "self$oneDay" 2#417 "network$oneRun" 
3#58 "critter$age_one_day" 1#85 "self$oneDay_Age" 1#30 "<Anonymous>" 2#443 "self$oneDay" 2#417 "network$oneRun" 
3#58 "critter$age_one_day" 1#85 "self$oneDay_Age" 1#33 "<Anonymous>" 2#443 "self$oneDay" 2#417 "network$oneRun" 
"vapply" 1#256 "self$oneDay_LarvaMaturation" 1#47 "<Anonymous>" 2#443 "self$oneDay" 2#417 "network$oneRun" 
"vapply" 1#216 "self$oneDay_EggMaturation" 1#48 "<Anonymous>" 2#443 "self$oneDay" 2#417 "network$oneRun" 
1#399 "self$oneDay_Reproduction" 1#58 "<Anonymous>" 2#443 "self$oneDay" 2#417 "network$oneRun" 
3#63 "Mosquito" 1#399 "self$oneDay_Reproduction" 1#58 "<Anonymous>" 2#443 "self$oneDay" 2#417 "network$oneRun" 
1#85 "critter$age_one_day" 1#85 "self$oneDay_Age" 1#30 "<Anonymous>" 2#443 "self$oneDay" 2#417 "network$oneRun" 
"rbinom" 1#130 "self$oneDay_LarvalDeath" 1#39 "<Anonymous>" 2#443 "self$oneDay" 2#417 "network$oneRun" 
"pb$up" "setTxtProgressBar" 2#420 "network$oneRun" 
1#134 "self$oneDay_LarvalDeath" 1#39 "<Anonymous>" 2#443 "self$oneDay" 2#417 "network$oneRun" 
3#58 "critter$age_one_day" 1#85 "self$oneDay_Age" 1#29 "<Anonymous>" 2#443 "self$oneDay" 2#417 "network$oneRun" 
"vapply" 1#216 "self$oneDay_EggMaturation" 1#48 "<Anonymous>" 2#443 "self$oneDay" 2#417 "network$oneRun" 
1#85 "self$oneDay_Age" 1#29 "<Anonymous>" 2#443 "self$oneDay" 2#417 "network$oneRun" 
"file.path" "writeLines" 4#316 "<Anonymous>" 2#451 "self$oneDay" 2#417 "network$oneRun" 
1#399 "Mosquito" 1#399 "self$oneDay_Reproduction" 1#58 "<Anonymous>" 2#443 "self$oneDay" 2#417 "network$oneRun" 
1#382 "self$oneDay_Reproduction" 1#58 "<Anonymous>" 2#443 "self$oneDay" 2#417 "network$oneRun" 
3#58 "critter$age_one_day" 1#85 "self$oneDay_Age" 1#30 "<Anonymous>" 2#443 "self$oneDay" 2#417 "network$oneRun" 
"get" "match.fun" "vapply" 1#216 "self$oneDay_EggMaturation" 1#48 "<Anonymous>" 2#443 "self$oneDay" 2#417 "network$oneRun" 
1#397 "self$oneDay_Reproduction" 1#58 "<Anonymous>" 2#443 "self$oneDay" 2#417 "network$oneRun" 
3#58 "critter$age_one_day" 1#85 "self$oneDay_Age" 1#30 "<Anonymous>" 2#443 "self$oneDay" 2#417 "network$oneRun" 
1#399 "Mosquito" 1#399 "self$oneDay_Reproduction" 1#58 "<Anonymous>" 2#443 "self$oneDay" 2#417 "network$oneRun" 
3#58 "Mosquito" 1#399 "self$oneDay_Reproduction" 1#58 "<Anonymous>" 2#443 "self$oneDay" 2#417 "network$oneRun" 
1#85 "critter$age_one_day" 1#85 "self$oneDay_Age" 1#30 "<Anonymous>" 2#443 "self$oneDay" 2#417 "network$oneRun" 
"environment" 3#63 "Mosquito" 1#399 "self$oneDay_Reproduction" 1#58 "<Anonymous>" 2#443 "self$oneDay" 2#417 "network$oneRun" 
".Call" 6#59 "self$offspringDistribution" 1#377 "self$oneDay_Reproduction" 1#58 "<Anonymous>" 2#443 "self$oneDay" 2#417 "network$oneRun" 
1#399 "self$oneDay_Reproduction" 1#58 "<Anonymous>" 2#443 "self$oneDay" 2#417 "network$oneRun" 
".Call" 6#59 "self$offspringDistribution" 1#377 "self$oneDay_Reproduction" 1#58 "<Anonymous>" 2#443 "self$oneDay" 2#417 "network$oneRun" 
1#84 "self$oneDay_Age" 1#30 "<Anonymous>" 2#443 "self$oneDay" 2#417 "network$oneRun" 
3#58 "critter$age_one_day" 1#85 "self$oneDay_Age" 1#30 "<Anonymous>" 2#443 "self$oneDay" 2#417 "network$oneRun" 
1#109 "self$oneDay_EggDeath" 1#38 "<Anonymous>" 2#443 "self$oneDay" 2#417 "network$oneRun" 
3#53 "Mosquito" 1#399 "self$oneDay_Reproduction" 1#58 "<Anonymous>" 2#443 "self$oneDay" 2#417 "network$oneRun" 
4#316 "<Anonymous>" 2#451 "self$oneDay" 2#417 "network$oneRun" 
1#173 "self$oneDay_AdultDeath" 1#41 "<Anonymous>" 2#443 "self$oneDay" 2#417 "network$oneRun" 
"is.function" "match.fun" "lapply" 2#495 "self$oneDay_Migration" 2#447 "self$oneDay" 2#417 "network$oneRun" 
1#341 "vapply" 1#341 "self$oneDay_Mate" 1#53 "<Anonymous>" 2#443 "self$oneDay" 2#417 "network$oneRun" 
"vapply" 1#299 "self$oneDay_PupaMaturation" 1#46 "<Anonymous>" 2#443 "self$oneDay" 2#417 "network$oneRun" 
".Call" 6#59 "self$offspringDistribution" 1#377 "self$oneDay_Reproduction" 1#58 "<Anonymous>" 2#443 "self$oneDay" 2#417 "network$oneRun" 
1#399 "self$oneDay_Reproduction" 1#58 "<Anonymous>" 2#443 "self$oneDay" 2#417 "network$oneRun" 
"vapply" 1#216 "self$oneDay_EggMaturation" 1#48 "<Anonymous>" 2#443 "self$oneDay" 2#417 "network$oneRun" 
"writeLines" 4#332 "<Anonymous>" 2#451 "self$oneDay" 2#417 "network$oneRun" 
3#63 "Mosquito" 1#399 "self$oneDay_Reproduction" 1#58 "<Anonymous>" 2#443 "self$oneDay" 2#417 "network$oneRun" 
1#85 "self$oneDay_Age" 1#30 "<Anonymous>" 2#443 "self$oneDay" 2#417 "network$oneRun" 
".Call" 6#59 "self$offspringDistribution" 1#377 "self$oneDay_Reproduction" 1#58 "<Anonymous>" 2#443 "self$oneDay" 2#417 "network$oneRun" 
1#401 "self$oneDay_Reproduction" 1#58 "<Anonymous>" 2#443 "self$oneDay" 2#417 "network$oneRun" 
1#134 "self$oneDay_LarvalDeath" 1#39 "<Anonymous>" 2#443 "self$oneDay" 2#417 "network$oneRun" 
1#84 "self$oneDay_Age" 1#29 "<Anonymous>" 2#443 "self$oneDay" 2#417 "network$oneRun" 
".Call" 6#59 "self$offspringDistribution" 1#377 "self$oneDay_Reproduction" 1#58 "<Anonymous>" 2#443 "self$oneDay" 2#417 "network$oneRun" 
"file.path" "writeLines" 4#332 "<Anonymous>" 2#451 "self$oneDay" 2#417 "network$oneRun" 
3#63 "Mosquito" 1#399 "self$oneDay_Reproduction" 1#58 "<Anonymous>" 2#443 "self$oneDay" 2#417 "network$oneRun" 
1#85 "self$oneDay_Age" 1#30 "<Anonymous>" 2#443 "self$oneDay" 2#417 "network$oneRun" 
3#60 "file.path" 3#60 "mosquito$print_male" "file.path" "writeLines" 4#316 "<Anonymous>" 2#451 "self$oneDay" 2#417 "network$oneRun" 
3#58 "critter$age_one_day" 1#85 "self$oneDay_Age" 1#29 "<Anonymous>" 2#443 "self$oneDay" 2#417 "network$oneRun" 
3#59 "Mosquito" 1#399 "self$oneDay_Reproduction" 1#58 "<Anonymous>" 2#443 "self$oneDay" 2#417 "network$oneRun" 
3#58 "critter$age_one_day" 1#85 "self$oneDay_Age" 1#30 "<Anonymous>" 2#443 "self$oneDay" 2#417 "network$oneRun" 
"vapply" 1#256 "self$oneDay_LarvaMaturation" 1#47 "<Anonymous>" 2#443 "self$oneDay" 2#417 "network$oneRun" 
3#58 "critter$age_one_day" 1#85 "self$oneDay_Age" 1#30 "<Anonymous>" 2#443 "self$oneDay" 2#417 "network$oneRun" 
3#58 "critter$age_one_day" 1#85 "self$oneDay_Age" 1#30 "<Anonymous>" 2#443 "self$oneDay" 2#417 "network$oneRun" 
"close.connection" "close" 2#424 "network$oneRun" 
"sub" "FUN" "lapply" "summaryRprof" 
"sub" "FUN" "lapply" "summaryRprof" 
"print.default" "print" "print.data.frame" "print" 
